{"numFailedTestSuites":9,"numFailedTests":31,"numPassedTestSuites":31,"numPassedTests":453,"numPendingTestSuites":0,"numPendingTests":0,"numRuntimeErrorTestSuites":0,"numTodoTests":0,"numTotalTestSuites":40,"numTotalTests":484,"openHandles":[],"snapshot":{"added":0,"didUpdate":false,"failure":false,"filesAdded":0,"filesRemoved":0,"filesRemovedList":[],"filesUnmatched":0,"filesUpdated":0,"matched":0,"total":0,"unchecked":0,"uncheckedKeysByFile":[],"unmatched":0,"updated":0},"startTime":1777287972191,"success":false,"testResults":[{"assertionResults":[{"ancestorTitles":["Test 1a — Address dropdowns in Step2 (add-beneficiary)"],"duration":4,"failing":false,"failureDetails":[],"failureMessages":[],"fullName":"Test 1a — Address dropdowns in Step2 (add-beneficiary) Step2 uses <Select> for State field (not plain TextInput)","invocations":1,"location":null,"numPassingAsserts":1,"retryReasons":[],"startAt":1777287978812,"status":"passed","title":"Step2 uses <Select> for State field (not plain TextInput)"},{"ancestorTitles":["Test 1a — Address dropdowns in Step2 (add-beneficiary)"],"duration":1,"failing":false,"failureDetails":[],"failureMessages":[],"fullName":"Test 1a — Address dropdowns in Step2 (add-beneficiary) Step2 uses <Select> for District field (not plain TextInput)","invocations":1,"location":null,"numPassingAsserts":1,"retryReasons":[],"startAt":1777287978819,"status":"passed","title":"Step2 uses <Select> for District field (not plain TextInput)"},{"ancestorTitles":["Test 1a — Address dropdowns in Step2 (add-beneficiary)"],"duration":1,"failing":false,"failureDetails":[],"failureMessages":[],"fullName":"Test 1a — Address dropdowns in Step2 (add-beneficiary) Step2 imports indianStates for dropdown options","invocations":1,"location":null,"numPassingAsserts":1,"retryReasons":[],"startAt":1777287978821,"status":"passed","title":"Step2 imports indianStates for dropdown options"},{"ancestorTitles":["Test 1b — Beneficiaries screen header label"],"duration":1,"failing":false,"failureDetails":[],"failureMessages":[],"fullName":"Test 1b — Beneficiaries screen header label header title does NOT read \"Beneficiaries\"","invocations":1,"location":null,"numPassingAsserts":1,"retryReasons":[],"startAt":1777287978824,"status":"passed","title":"header title does NOT read \"Beneficiaries\""},{"ancestorTitles":["Test 1b — Beneficiaries screen header label"],"duration":0,"failing":false,"failureDetails":[],"failureMessages":[],"fullName":"Test 1b — Beneficiaries screen header label header title reads \"Farmers\"","invocations":1,"location":null,"numPassingAsserts":1,"retryReasons":[],"startAt":1777287978826,"status":"passed","title":"header title reads \"Farmers\""},{"ancestorTitles":["Test 1c — Keyboard overlap on personal-details"],"duration":3,"failing":false,"failureDetails":[{"matcherResult":{"actual":true,"expected":false,"message":"\u001b[2mexpect(\u001b[22m\u001b[31mreceived\u001b[39m\u001b[2m).\u001b[22mtoBe\u001b[2m(\u001b[22m\u001b[32mexpected\u001b[39m\u001b[2m) // Object.is equality\u001b[22m\n\nExpected: \u001b[32mfalse\u001b[39m\nReceived: \u001b[31mtrue\u001b[39m","name":"toBe","pass":false}}],"failureMessages":["Error: \u001b[2mexpect(\u001b[22m\u001b[31mreceived\u001b[39m\u001b[2m).\u001b[22mtoBe\u001b[2m(\u001b[22m\u001b[32mexpected\u001b[39m\u001b[2m) // Object.is equality\u001b[22m\n\nExpected: \u001b[32mfalse\u001b[39m\nReceived: \u001b[31mtrue\u001b[39m\n    at Object.<anonymous> (D:\\Internship\\Tanak-Prabha\\Client\\src\\__tests__\\bugCondition.test.tsx:134:38)\n    at Promise.finally.completed (D:\\Internship\\Tanak-Prabha\\node_modules\\jest-circus\\build\\jestAdapterInit.js:1557:28)\n    at new Promise (<anonymous>)\n    at callAsyncCircusFn (D:\\Internship\\Tanak-Prabha\\node_modules\\jest-circus\\build\\jestAdapterInit.js:1497:10)\n    at _callCircusTest (D:\\Internship\\Tanak-Prabha\\node_modules\\jest-circus\\build\\jestAdapterInit.js:1007:40)\n    at _runTest (D:\\Internship\\Tanak-Prabha\\node_modules\\jest-circus\\build\\jestAdapterInit.js:947:3)\n    at D:\\Internship\\Tanak-Prabha\\node_modules\\jest-circus\\build\\jestAdapterInit.js:849:7\n    at _runTestsForDescribeBlock (D:\\Internship\\Tanak-Prabha\\node_modules\\jest-circus\\build\\jestAdapterInit.js:862:11)\n    at _runTestsForDescribeBlock (D:\\Internship\\Tanak-Prabha\\node_modules\\jest-circus\\build\\jestAdapterInit.js:857:11)\n    at run (D:\\Internship\\Tanak-Prabha\\node_modules\\jest-circus\\build\\jestAdapterInit.js:761:3)\n    at runAndTransformResultsToJestFormat (D:\\Internship\\Tanak-Prabha\\node_modules\\jest-circus\\build\\jestAdapterInit.js:1918:21)\n    at jestAdapter (D:\\Internship\\Tanak-Prabha\\node_modules\\jest-circus\\build\\runner.js:101:19)\n    at runTestInternal (D:\\Internship\\Tanak-Prabha\\node_modules\\jest-runner\\build\\index.js:275:16)\n    at runTest (D:\\Internship\\Tanak-Prabha\\node_modules\\jest-runner\\build\\index.js:343:7)"],"fullName":"Test 1c — Keyboard overlap on personal-details bottom button bar is NOT rendered after the closing KeyboardAwareScrollView tag","invocations":1,"location":null,"numPassingAsserts":0,"retryReasons":[],"startAt":1777287978829,"status":"failed","title":"bottom button bar is NOT rendered after the closing KeyboardAwareScrollView tag"},{"ancestorTitles":["Test 1d — Photo picker skips Camera/Gallery modal in Profile"],"duration":2,"failing":false,"failureDetails":[{"matcherResult":{"actual":false,"expected":true,"message":"\u001b[2mexpect(\u001b[22m\u001b[31mreceived\u001b[39m\u001b[2m).\u001b[22mtoBe\u001b[2m(\u001b[22m\u001b[32mexpected\u001b[39m\u001b[2m) // Object.is equality\u001b[22m\n\nExpected: \u001b[32mtrue\u001b[39m\nReceived: \u001b[31mfalse\u001b[39m","name":"toBe","pass":false}}],"failureMessages":["Error: \u001b[2mexpect(\u001b[22m\u001b[31mreceived\u001b[39m\u001b[2m).\u001b[22mtoBe\u001b[2m(\u001b[22m\u001b[32mexpected\u001b[39m\u001b[2m) // Object.is equality\u001b[22m\n\nExpected: \u001b[32mtrue\u001b[39m\nReceived: \u001b[31mfalse\u001b[39m\n    at Object.<anonymous> (D:\\Internship\\Tanak-Prabha\\Client\\src\\__tests__\\bugCondition.test.tsx:163:34)\n    at Promise.finally.completed (D:\\Internship\\Tanak-Prabha\\node_modules\\jest-circus\\build\\jestAdapterInit.js:1557:28)\n    at new Promise (<anonymous>)\n    at callAsyncCircusFn (D:\\Internship\\Tanak-Prabha\\node_modules\\jest-circus\\build\\jestAdapterInit.js:1497:10)\n    at _callCircusTest (D:\\Internship\\Tanak-Prabha\\node_modules\\jest-circus\\build\\jestAdapterInit.js:1007:40)\n    at _runTest (D:\\Internship\\Tanak-Prabha\\node_modules\\jest-circus\\build\\jestAdapterInit.js:947:3)\n    at D:\\Internship\\Tanak-Prabha\\node_modules\\jest-circus\\build\\jestAdapterInit.js:849:7\n    at _runTestsForDescribeBlock (D:\\Internship\\Tanak-Prabha\\node_modules\\jest-circus\\build\\jestAdapterInit.js:862:11)\n    at _runTestsForDescribeBlock (D:\\Internship\\Tanak-Prabha\\node_modules\\jest-circus\\build\\jestAdapterInit.js:857:11)\n    at run (D:\\Internship\\Tanak-Prabha\\node_modules\\jest-circus\\build\\jestAdapterInit.js:761:3)\n    at runAndTransformResultsToJestFormat (D:\\Internship\\Tanak-Prabha\\node_modules\\jest-circus\\build\\jestAdapterInit.js:1918:21)\n    at jestAdapter (D:\\Internship\\Tanak-Prabha\\node_modules\\jest-circus\\build\\runner.js:101:19)\n    at runTestInternal (D:\\Internship\\Tanak-Prabha\\node_modules\\jest-runner\\build\\index.js:275:16)\n    at runTest (D:\\Internship\\Tanak-Prabha\\node_modules\\jest-runner\\build\\index.js:343:7)"],"fullName":"Test 1d — Photo picker skips Camera/Gallery modal in Profile handleAvatarUpload shows an Alert with Camera option before launching picker","invocations":1,"location":null,"numPassingAsserts":0,"retryReasons":[],"startAt":1777287978851,"status":"failed","title":"handleAvatarUpload shows an Alert with Camera option before launching picker"},{"ancestorTitles":["Test 1d — Photo picker skips Camera/Gallery modal in Profile"],"duration":2,"failing":false,"failureDetails":[{"matcherResult":{"actual":false,"expected":true,"message":"\u001b[2mexpect(\u001b[22m\u001b[31mreceived\u001b[39m\u001b[2m).\u001b[22mtoBe\u001b[2m(\u001b[22m\u001b[32mexpected\u001b[39m\u001b[2m) // Object.is equality\u001b[22m\n\nExpected: \u001b[32mtrue\u001b[39m\nReceived: \u001b[31mfalse\u001b[39m","name":"toBe","pass":false}}],"failureMessages":["Error: \u001b[2mexpect(\u001b[22m\u001b[31mreceived\u001b[39m\u001b[2m).\u001b[22mtoBe\u001b[2m(\u001b[22m\u001b[32mexpected\u001b[39m\u001b[2m) // Object.is equality\u001b[22m\n\nExpected: \u001b[32mtrue\u001b[39m\nReceived: \u001b[31mfalse\u001b[39m\n    at Object.<anonymous> (D:\\Internship\\Tanak-Prabha\\Client\\src\\__tests__\\bugCondition.test.tsx:170:35)\n    at Promise.finally.completed (D:\\Internship\\Tanak-Prabha\\node_modules\\jest-circus\\build\\jestAdapterInit.js:1557:28)\n    at new Promise (<anonymous>)\n    at callAsyncCircusFn (D:\\Internship\\Tanak-Prabha\\node_modules\\jest-circus\\build\\jestAdapterInit.js:1497:10)\n    at _callCircusTest (D:\\Internship\\Tanak-Prabha\\node_modules\\jest-circus\\build\\jestAdapterInit.js:1007:40)\n    at _runTest (D:\\Internship\\Tanak-Prabha\\node_modules\\jest-circus\\build\\jestAdapterInit.js:947:3)\n    at D:\\Internship\\Tanak-Prabha\\node_modules\\jest-circus\\build\\jestAdapterInit.js:849:7\n    at _runTestsForDescribeBlock (D:\\Internship\\Tanak-Prabha\\node_modules\\jest-circus\\build\\jestAdapterInit.js:862:11)\n    at _runTestsForDescribeBlock (D:\\Internship\\Tanak-Prabha\\node_modules\\jest-circus\\build\\jestAdapterInit.js:857:11)\n    at run (D:\\Internship\\Tanak-Prabha\\node_modules\\jest-circus\\build\\jestAdapterInit.js:761:3)\n    at runAndTransformResultsToJestFormat (D:\\Internship\\Tanak-Prabha\\node_modules\\jest-circus\\build\\jestAdapterInit.js:1918:21)\n    at jestAdapter (D:\\Internship\\Tanak-Prabha\\node_modules\\jest-circus\\build\\runner.js:101:19)\n    at runTestInternal (D:\\Internship\\Tanak-Prabha\\node_modules\\jest-runner\\build\\index.js:275:16)\n    at runTest (D:\\Internship\\Tanak-Prabha\\node_modules\\jest-runner\\build\\index.js:343:7)"],"fullName":"Test 1d — Photo picker skips Camera/Gallery modal in Profile handleAvatarUpload shows an Alert with Gallery option before launching picker","invocations":1,"location":null,"numPassingAsserts":0,"retryReasons":[],"startAt":1777287978854,"status":"failed","title":"handleAvatarUpload shows an Alert with Gallery option before launching picker"},{"ancestorTitles":["Test 1d — Photo picker skips Camera/Gallery modal in Profile"],"duration":2,"failing":false,"failureDetails":[{"matcherResult":{"actual":false,"expected":true,"message":"\u001b[2mexpect(\u001b[22m\u001b[31mreceived\u001b[39m\u001b[2m).\u001b[22mtoBe\u001b[2m(\u001b[22m\u001b[32mexpected\u001b[39m\u001b[2m) // Object.is equality\u001b[22m\n\nExpected: \u001b[32mtrue\u001b[39m\nReceived: \u001b[31mfalse\u001b[39m","name":"toBe","pass":false}}],"failureMessages":["Error: \u001b[2mexpect(\u001b[22m\u001b[31mreceived\u001b[39m\u001b[2m).\u001b[22mtoBe\u001b[2m(\u001b[22m\u001b[32mexpected\u001b[39m\u001b[2m) // Object.is equality\u001b[22m\n\nExpected: \u001b[32mtrue\u001b[39m\nReceived: \u001b[31mfalse\u001b[39m\n    at Object.<anonymous> (D:\\Internship\\Tanak-Prabha\\Client\\src\\__tests__\\bugCondition.test.tsx:185:33)\n    at Promise.finally.completed (D:\\Internship\\Tanak-Prabha\\node_modules\\jest-circus\\build\\jestAdapterInit.js:1557:28)\n    at new Promise (<anonymous>)\n    at callAsyncCircusFn (D:\\Internship\\Tanak-Prabha\\node_modules\\jest-circus\\build\\jestAdapterInit.js:1497:10)\n    at _callCircusTest (D:\\Internship\\Tanak-Prabha\\node_modules\\jest-circus\\build\\jestAdapterInit.js:1007:40)\n    at _runTest (D:\\Internship\\Tanak-Prabha\\node_modules\\jest-circus\\build\\jestAdapterInit.js:947:3)\n    at D:\\Internship\\Tanak-Prabha\\node_modules\\jest-circus\\build\\jestAdapterInit.js:849:7\n    at _runTestsForDescribeBlock (D:\\Internship\\Tanak-Prabha\\node_modules\\jest-circus\\build\\jestAdapterInit.js:862:11)\n    at _runTestsForDescribeBlock (D:\\Internship\\Tanak-Prabha\\node_modules\\jest-circus\\build\\jestAdapterInit.js:857:11)\n    at run (D:\\Internship\\Tanak-Prabha\\node_modules\\jest-circus\\build\\jestAdapterInit.js:761:3)\n    at runAndTransformResultsToJestFormat (D:\\Internship\\Tanak-Prabha\\node_modules\\jest-circus\\build\\jestAdapterInit.js:1918:21)\n    at jestAdapter (D:\\Internship\\Tanak-Prabha\\node_modules\\jest-circus\\build\\runner.js:101:19)\n    at runTestInternal (D:\\Internship\\Tanak-Prabha\\node_modules\\jest-runner\\build\\index.js:275:16)\n    at runTest (D:\\Internship\\Tanak-Prabha\\node_modules\\jest-runner\\build\\index.js:343:7)"],"fullName":"Test 1d — Photo picker skips Camera/Gallery modal in Profile handleAvatarUpload does NOT call launchImageLibraryAsync directly without an Alert guard","invocations":1,"location":null,"numPassingAsserts":0,"retryReasons":[],"startAt":1777287978858,"status":"failed","title":"handleAvatarUpload does NOT call launchImageLibraryAsync directly without an Alert guard"},{"ancestorTitles":["Test 1e — Multi-parcel land UI in AuthLandDetailsScreen"],"duration":1,"failing":false,"failureDetails":[{"matcherResult":{"actual":true,"expected":false,"message":"\u001b[2mexpect(\u001b[22m\u001b[31mreceived\u001b[39m\u001b[2m).\u001b[22mtoBe\u001b[2m(\u001b[22m\u001b[32mexpected\u001b[39m\u001b[2m) // Object.is equality\u001b[22m\n\nExpected: \u001b[32mfalse\u001b[39m\nReceived: \u001b[31mtrue\u001b[39m","name":"toBe","pass":false}}],"failureMessages":["Error: \u001b[2mexpect(\u001b[22m\u001b[31mreceived\u001b[39m\u001b[2m).\u001b[22mtoBe\u001b[2m(\u001b[22m\u001b[32mexpected\u001b[39m\u001b[2m) // Object.is equality\u001b[22m\n\nExpected: \u001b[32mfalse\u001b[39m\nReceived: \u001b[31mtrue\u001b[39m\n    at Object.<anonymous> (D:\\Internship\\Tanak-Prabha\\Client\\src\\__tests__\\bugCondition.test.tsx:211:29)\n    at Promise.finally.completed (D:\\Internship\\Tanak-Prabha\\node_modules\\jest-circus\\build\\jestAdapterInit.js:1557:28)\n    at new Promise (<anonymous>)\n    at callAsyncCircusFn (D:\\Internship\\Tanak-Prabha\\node_modules\\jest-circus\\build\\jestAdapterInit.js:1497:10)\n    at _callCircusTest (D:\\Internship\\Tanak-Prabha\\node_modules\\jest-circus\\build\\jestAdapterInit.js:1007:40)\n    at _runTest (D:\\Internship\\Tanak-Prabha\\node_modules\\jest-circus\\build\\jestAdapterInit.js:947:3)\n    at D:\\Internship\\Tanak-Prabha\\node_modules\\jest-circus\\build\\jestAdapterInit.js:849:7\n    at _runTestsForDescribeBlock (D:\\Internship\\Tanak-Prabha\\node_modules\\jest-circus\\build\\jestAdapterInit.js:862:11)\n    at _runTestsForDescribeBlock (D:\\Internship\\Tanak-Prabha\\node_modules\\jest-circus\\build\\jestAdapterInit.js:857:11)\n    at run (D:\\Internship\\Tanak-Prabha\\node_modules\\jest-circus\\build\\jestAdapterInit.js:761:3)\n    at runAndTransformResultsToJestFormat (D:\\Internship\\Tanak-Prabha\\node_modules\\jest-circus\\build\\jestAdapterInit.js:1918:21)\n    at jestAdapter (D:\\Internship\\Tanak-Prabha\\node_modules\\jest-circus\\build\\runner.js:101:19)\n    at runTestInternal (D:\\Internship\\Tanak-Prabha\\node_modules\\jest-runner\\build\\index.js:275:16)\n    at runTest (D:\\Internship\\Tanak-Prabha\\node_modules\\jest-runner\\build\\index.js:343:7)"],"fullName":"Test 1e — Multi-parcel land UI in AuthLandDetailsScreen does NOT render a CropSelector component","invocations":1,"location":null,"numPassingAsserts":0,"retryReasons":[],"startAt":1777287978862,"status":"failed","title":"does NOT render a CropSelector component"},{"ancestorTitles":["Test 1e — Multi-parcel land UI in AuthLandDetailsScreen"],"duration":1,"failing":false,"failureDetails":[{"matcherResult":{"actual":false,"expected":true,"message":"\u001b[2mexpect(\u001b[22m\u001b[31mreceived\u001b[39m\u001b[2m).\u001b[22mtoBe\u001b[2m(\u001b[22m\u001b[32mexpected\u001b[39m\u001b[2m) // Object.is equality\u001b[22m\n\nExpected: \u001b[32mtrue\u001b[39m\nReceived: \u001b[31mfalse\u001b[39m","name":"toBe","pass":false}}],"failureMessages":["Error: \u001b[2mexpect(\u001b[22m\u001b[31mreceived\u001b[39m\u001b[2m).\u001b[22mtoBe\u001b[2m(\u001b[22m\u001b[32mexpected\u001b[39m\u001b[2m) // Object.is equality\u001b[22m\n\nExpected: \u001b[32mtrue\u001b[39m\nReceived: \u001b[31mfalse\u001b[39m\n    at Object.<anonymous> (D:\\Internship\\Tanak-Prabha\\Client\\src\\__tests__\\bugCondition.test.tsx:217:31)\n    at Promise.finally.completed (D:\\Internship\\Tanak-Prabha\\node_modules\\jest-circus\\build\\jestAdapterInit.js:1557:28)\n    at new Promise (<anonymous>)\n    at callAsyncCircusFn (D:\\Internship\\Tanak-Prabha\\node_modules\\jest-circus\\build\\jestAdapterInit.js:1497:10)\n    at _callCircusTest (D:\\Internship\\Tanak-Prabha\\node_modules\\jest-circus\\build\\jestAdapterInit.js:1007:40)\n    at _runTest (D:\\Internship\\Tanak-Prabha\\node_modules\\jest-circus\\build\\jestAdapterInit.js:947:3)\n    at D:\\Internship\\Tanak-Prabha\\node_modules\\jest-circus\\build\\jestAdapterInit.js:849:7\n    at _runTestsForDescribeBlock (D:\\Internship\\Tanak-Prabha\\node_modules\\jest-circus\\build\\jestAdapterInit.js:862:11)\n    at _runTestsForDescribeBlock (D:\\Internship\\Tanak-Prabha\\node_modules\\jest-circus\\build\\jestAdapterInit.js:857:11)\n    at run (D:\\Internship\\Tanak-Prabha\\node_modules\\jest-circus\\build\\jestAdapterInit.js:761:3)\n    at runAndTransformResultsToJestFormat (D:\\Internship\\Tanak-Prabha\\node_modules\\jest-circus\\build\\jestAdapterInit.js:1918:21)\n    at jestAdapter (D:\\Internship\\Tanak-Prabha\\node_modules\\jest-circus\\build\\runner.js:101:19)\n    at runTestInternal (D:\\Internship\\Tanak-Prabha\\node_modules\\jest-runner\\build\\index.js:275:16)\n    at runTest (D:\\Internship\\Tanak-Prabha\\node_modules\\jest-runner\\build\\index.js:343:7)"],"fullName":"Test 1e — Multi-parcel land UI in AuthLandDetailsScreen renders a single input labelled \"Total Land (in Ha)\"","invocations":1,"location":null,"numPassingAsserts":0,"retryReasons":[],"startAt":1777287978865,"status":"failed","title":"renders a single input labelled \"Total Land (in Ha)\""},{"ancestorTitles":["Test 1e — Multi-parcel land UI in AuthLandDetailsScreen"],"duration":1,"failing":false,"failureDetails":[{"matcherResult":{"actual":true,"expected":false,"message":"\u001b[2mexpect(\u001b[22m\u001b[31mreceived\u001b[39m\u001b[2m).\u001b[22mtoBe\u001b[2m(\u001b[22m\u001b[32mexpected\u001b[39m\u001b[2m) // Object.is equality\u001b[22m\n\nExpected: \u001b[32mfalse\u001b[39m\nReceived: \u001b[31mtrue\u001b[39m","name":"toBe","pass":false}}],"failureMessages":["Error: \u001b[2mexpect(\u001b[22m\u001b[31mreceived\u001b[39m\u001b[2m).\u001b[22mtoBe\u001b[2m(\u001b[22m\u001b[32mexpected\u001b[39m\u001b[2m) // Object.is equality\u001b[22m\n\nExpected: \u001b[32mfalse\u001b[39m\nReceived: \u001b[31mtrue\u001b[39m\n    at Object.<anonymous> (D:\\Internship\\Tanak-Prabha\\Client\\src\\__tests__\\bugCondition.test.tsx:225:33)\n    at Promise.finally.completed (D:\\Internship\\Tanak-Prabha\\node_modules\\jest-circus\\build\\jestAdapterInit.js:1557:28)\n    at new Promise (<anonymous>)\n    at callAsyncCircusFn (D:\\Internship\\Tanak-Prabha\\node_modules\\jest-circus\\build\\jestAdapterInit.js:1497:10)\n    at _callCircusTest (D:\\Internship\\Tanak-Prabha\\node_modules\\jest-circus\\build\\jestAdapterInit.js:1007:40)\n    at _runTest (D:\\Internship\\Tanak-Prabha\\node_modules\\jest-circus\\build\\jestAdapterInit.js:947:3)\n    at D:\\Internship\\Tanak-Prabha\\node_modules\\jest-circus\\build\\jestAdapterInit.js:849:7\n    at _runTestsForDescribeBlock (D:\\Internship\\Tanak-Prabha\\node_modules\\jest-circus\\build\\jestAdapterInit.js:862:11)\n    at _runTestsForDescribeBlock (D:\\Internship\\Tanak-Prabha\\node_modules\\jest-circus\\build\\jestAdapterInit.js:857:11)\n    at run (D:\\Internship\\Tanak-Prabha\\node_modules\\jest-circus\\build\\jestAdapterInit.js:761:3)\n    at runAndTransformResultsToJestFormat (D:\\Internship\\Tanak-Prabha\\node_modules\\jest-circus\\build\\jestAdapterInit.js:1918:21)\n    at jestAdapter (D:\\Internship\\Tanak-Prabha\\node_modules\\jest-circus\\build\\runner.js:101:19)\n    at runTestInternal (D:\\Internship\\Tanak-Prabha\\node_modules\\jest-runner\\build\\index.js:275:16)\n    at runTest (D:\\Internship\\Tanak-Prabha\\node_modules\\jest-runner\\build\\index.js:343:7)"],"fullName":"Test 1e — Multi-parcel land UI in AuthLandDetailsScreen does NOT use CropSelector for multi-crop selection (single total-land input expected)","invocations":1,"location":null,"numPassingAsserts":0,"retryReasons":[],"startAt":1777287978867,"status":"failed","title":"does NOT use CropSelector for multi-crop selection (single total-land input expected)"},{"ancestorTitles":["Test 1f — Non-recommended schemes visible in Schemes screen"],"duration":1,"failing":false,"failureDetails":[],"failureMessages":[],"fullName":"Test 1f — Non-recommended schemes visible in Schemes screen recommendedSchemes derivation does NOT include non-featured schemes","invocations":1,"location":null,"numPassingAsserts":1,"retryReasons":[],"startAt":1777287978871,"status":"passed","title":"recommendedSchemes derivation does NOT include non-featured schemes"},{"ancestorTitles":["Test 1f — Non-recommended schemes visible in Schemes screen"],"duration":1,"failing":false,"failureDetails":[],"failureMessages":[],"fullName":"Test 1f — Non-recommended schemes visible in Schemes screen recommendedSchemes derivation filters to ONLY isFeatured schemes (no non-featured fallback)","invocations":1,"location":null,"numPassingAsserts":2,"retryReasons":[],"startAt":1777287978873,"status":"passed","title":"recommendedSchemes derivation filters to ONLY isFeatured schemes (no non-featured fallback)"},{"ancestorTitles":["Test 1f — Non-recommended schemes visible in Schemes screen"],"duration":0,"failing":false,"failureDetails":[],"failureMessages":[],"fullName":"Test 1f — Non-recommended schemes visible in Schemes screen ProgramSection does NOT receive all filteredSchemes (must filter to featured only)","invocations":1,"location":null,"numPassingAsserts":1,"retryReasons":[],"startAt":1777287978875,"status":"passed","title":"ProgramSection does NOT receive all filteredSchemes (must filter to featured only)"},{"ancestorTitles":["Test 1g — Participate Now button label toggle in SchemeDetailsScreen"],"duration":0,"failing":false,"failureDetails":[],"failureMessages":[],"fullName":"Test 1g — Participate Now button label toggle in SchemeDetailsScreen button label does NOT use \"I'm Interested\" text","invocations":1,"location":null,"numPassingAsserts":1,"retryReasons":[],"startAt":1777287978877,"status":"passed","title":"button label does NOT use \"I'm Interested\" text"},{"ancestorTitles":["Test 1g — Participate Now button label toggle in SchemeDetailsScreen"],"duration":1,"failing":false,"failureDetails":[{"matcherResult":{"actual":false,"expected":true,"message":"\u001b[2mexpect(\u001b[22m\u001b[31mreceived\u001b[39m\u001b[2m).\u001b[22mtoBe\u001b[2m(\u001b[22m\u001b[32mexpected\u001b[39m\u001b[2m) // Object.is equality\u001b[22m\n\nExpected: \u001b[32mtrue\u001b[39m\nReceived: \u001b[31mfalse\u001b[39m","name":"toBe","pass":false}}],"failureMessages":["Error: \u001b[2mexpect(\u001b[22m\u001b[31mreceived\u001b[39m\u001b[2m).\u001b[22mtoBe\u001b[2m(\u001b[22m\u001b[32mexpected\u001b[39m\u001b[2m) // Object.is equality\u001b[22m\n\nExpected: \u001b[32mtrue\u001b[39m\nReceived: \u001b[31mfalse\u001b[39m\n    at Object.<anonymous> (D:\\Internship\\Tanak-Prabha\\Client\\src\\__tests__\\bugCondition.test.tsx:311:31)\n    at Promise.finally.completed (D:\\Internship\\Tanak-Prabha\\node_modules\\jest-circus\\build\\jestAdapterInit.js:1557:28)\n    at new Promise (<anonymous>)\n    at callAsyncCircusFn (D:\\Internship\\Tanak-Prabha\\node_modules\\jest-circus\\build\\jestAdapterInit.js:1497:10)\n    at _callCircusTest (D:\\Internship\\Tanak-Prabha\\node_modules\\jest-circus\\build\\jestAdapterInit.js:1007:40)\n    at _runTest (D:\\Internship\\Tanak-Prabha\\node_modules\\jest-circus\\build\\jestAdapterInit.js:947:3)\n    at D:\\Internship\\Tanak-Prabha\\node_modules\\jest-circus\\build\\jestAdapterInit.js:849:7\n    at _runTestsForDescribeBlock (D:\\Internship\\Tanak-Prabha\\node_modules\\jest-circus\\build\\jestAdapterInit.js:862:11)\n    at _runTestsForDescribeBlock (D:\\Internship\\Tanak-Prabha\\node_modules\\jest-circus\\build\\jestAdapterInit.js:857:11)\n    at run (D:\\Internship\\Tanak-Prabha\\node_modules\\jest-circus\\build\\jestAdapterInit.js:761:3)\n    at runAndTransformResultsToJestFormat (D:\\Internship\\Tanak-Prabha\\node_modules\\jest-circus\\build\\jestAdapterInit.js:1918:21)\n    at jestAdapter (D:\\Internship\\Tanak-Prabha\\node_modules\\jest-circus\\build\\runner.js:101:19)\n    at runTestInternal (D:\\Internship\\Tanak-Prabha\\node_modules\\jest-runner\\build\\index.js:275:16)\n    at runTest (D:\\Internship\\Tanak-Prabha\\node_modules\\jest-runner\\build\\index.js:343:7)"],"fullName":"Test 1g — Participate Now button label toggle in SchemeDetailsScreen button label uses \"Participate Now\" for the default (not-interested) state","invocations":1,"location":null,"numPassingAsserts":0,"retryReasons":[],"startAt":1777287978878,"status":"failed","title":"button label uses \"Participate Now\" for the default (not-interested) state"},{"ancestorTitles":["Test 1g — Participate Now button label toggle in SchemeDetailsScreen"],"duration":2,"failing":false,"failureDetails":[{"matcherResult":{"actual":false,"expected":true,"message":"\u001b[2mexpect(\u001b[22m\u001b[31mreceived\u001b[39m\u001b[2m).\u001b[22mtoBe\u001b[2m(\u001b[22m\u001b[32mexpected\u001b[39m\u001b[2m) // Object.is equality\u001b[22m\n\nExpected: \u001b[32mtrue\u001b[39m\nReceived: \u001b[31mfalse\u001b[39m","name":"toBe","pass":false}}],"failureMessages":["Error: \u001b[2mexpect(\u001b[22m\u001b[31mreceived\u001b[39m\u001b[2m).\u001b[22mtoBe\u001b[2m(\u001b[22m\u001b[32mexpected\u001b[39m\u001b[2m) // Object.is equality\u001b[22m\n\nExpected: \u001b[32mtrue\u001b[39m\nReceived: \u001b[31mfalse\u001b[39m\n    at Object.<anonymous> (D:\\Internship\\Tanak-Prabha\\Client\\src\\__tests__\\bugCondition.test.tsx:317:29)\n    at Promise.finally.completed (D:\\Internship\\Tanak-Prabha\\node_modules\\jest-circus\\build\\jestAdapterInit.js:1557:28)\n    at new Promise (<anonymous>)\n    at callAsyncCircusFn (D:\\Internship\\Tanak-Prabha\\node_modules\\jest-circus\\build\\jestAdapterInit.js:1497:10)\n    at _callCircusTest (D:\\Internship\\Tanak-Prabha\\node_modules\\jest-circus\\build\\jestAdapterInit.js:1007:40)\n    at _runTest (D:\\Internship\\Tanak-Prabha\\node_modules\\jest-circus\\build\\jestAdapterInit.js:947:3)\n    at D:\\Internship\\Tanak-Prabha\\node_modules\\jest-circus\\build\\jestAdapterInit.js:849:7\n    at _runTestsForDescribeBlock (D:\\Internship\\Tanak-Prabha\\node_modules\\jest-circus\\build\\jestAdapterInit.js:862:11)\n    at _runTestsForDescribeBlock (D:\\Internship\\Tanak-Prabha\\node_modules\\jest-circus\\build\\jestAdapterInit.js:857:11)\n    at run (D:\\Internship\\Tanak-Prabha\\node_modules\\jest-circus\\build\\jestAdapterInit.js:761:3)\n    at runAndTransformResultsToJestFormat (D:\\Internship\\Tanak-Prabha\\node_modules\\jest-circus\\build\\jestAdapterInit.js:1918:21)\n    at jestAdapter (D:\\Internship\\Tanak-Prabha\\node_modules\\jest-circus\\build\\runner.js:101:19)\n    at runTestInternal (D:\\Internship\\Tanak-Prabha\\node_modules\\jest-runner\\build\\index.js:275:16)\n    at runTest (D:\\Internship\\Tanak-Prabha\\node_modules\\jest-runner\\build\\index.js:343:7)"],"fullName":"Test 1g — Participate Now button label toggle in SchemeDetailsScreen button label uses \"Applied ✓\" for the interested (applied) state","invocations":1,"location":null,"numPassingAsserts":0,"retryReasons":[],"startAt":1777287978880,"status":"failed","title":"button label uses \"Applied ✓\" for the interested (applied) state"},{"ancestorTitles":["Test 1h — Emergency Help label in Connect screen"],"duration":0,"failing":false,"failureDetails":[],"failureMessages":[],"fullName":"Test 1h — Emergency Help label in Connect screen connect.emergencyTitle is NOT \"Emergency Help\"","invocations":1,"location":null,"numPassingAsserts":1,"retryReasons":[],"startAt":1777287978885,"status":"passed","title":"connect.emergencyTitle is NOT \"Emergency Help\""},{"ancestorTitles":["Test 1h — Emergency Help label in Connect screen"],"duration":1,"failing":false,"failureDetails":[],"failureMessages":[],"fullName":"Test 1h — Emergency Help label in Connect screen connect.emergencyTitle is \"SOS\"","invocations":1,"location":null,"numPassingAsserts":1,"retryReasons":[],"startAt":1777287978886,"status":"passed","title":"connect.emergencyTitle is \"SOS\""}],"endTime":1777287978961,"message":"\u001b[1m\u001b[31m  \u001b[1m● \u001b[22m\u001b[1mTest 1c — Keyboard overlap on personal-details › bottom button bar is NOT rendered after the closing KeyboardAwareScrollView tag\u001b[39m\u001b[22m\n\n    \u001b[2mexpect(\u001b[22m\u001b[31mreceived\u001b[39m\u001b[2m).\u001b[22mtoBe\u001b[2m(\u001b[22m\u001b[32mexpected\u001b[39m\u001b[2m) // Object.is equality\u001b[22m\n\n    Expected: \u001b[32mfalse\u001b[39m\n    Received: \u001b[31mtrue\u001b[39m\n\u001b[2m\u001b[22m\n\u001b[2m    \u001b[0m \u001b[90m 132 |\u001b[39m       buttonBarIdx \u001b[33m!==\u001b[39m \u001b[33m-\u001b[39m\u001b[35m1\u001b[39m \u001b[33m&&\u001b[39m\u001b[22m\n\u001b[2m     \u001b[90m 133 |\u001b[39m       buttonBarIdx \u001b[33m>\u001b[39m scrollCloseIdx\u001b[33m;\u001b[39m\u001b[22m\n\u001b[2m    \u001b[31m\u001b[1m>\u001b[22m\u001b[2m\u001b[39m\u001b[90m 134 |\u001b[39m     expect(buttonBarIsOutsideScroll)\u001b[33m.\u001b[39mtoBe(\u001b[36mfalse\u001b[39m)\u001b[33m;\u001b[39m\u001b[22m\n\u001b[2m     \u001b[90m     |\u001b[39m                                      \u001b[31m\u001b[1m^\u001b[22m\u001b[2m\u001b[39m\u001b[22m\n\u001b[2m     \u001b[90m 135 |\u001b[39m   })\u001b[33m;\u001b[39m\u001b[22m\n\u001b[2m     \u001b[90m 136 |\u001b[39m })\u001b[33m;\u001b[39m\u001b[22m\n\u001b[2m     \u001b[90m 137 |\u001b[39m\u001b[0m\u001b[22m\n\u001b[2m\u001b[22m\n\u001b[2m      \u001b[2mat Object.<anonymous> (\u001b[22m\u001b[2m\u001b[0m\u001b[36msrc/__tests__/bugCondition.test.tsx\u001b[39m\u001b[0m\u001b[2m:134:38)\u001b[22m\u001b[2m\u001b[22m\n\n\u001b[1m\u001b[31m  \u001b[1m● \u001b[22m\u001b[1mTest 1d — Photo picker skips Camera/Gallery modal in Profile › handleAvatarUpload shows an Alert with Camera option before launching picker\u001b[39m\u001b[22m\n\n    \u001b[2mexpect(\u001b[22m\u001b[31mreceived\u001b[39m\u001b[2m).\u001b[22mtoBe\u001b[2m(\u001b[22m\u001b[32mexpected\u001b[39m\u001b[2m) // Object.is equality\u001b[22m\n\n    Expected: \u001b[32mtrue\u001b[39m\n    Received: \u001b[31mfalse\u001b[39m\n\u001b[2m\u001b[22m\n\u001b[2m    \u001b[0m \u001b[90m 161 |\u001b[39m     \u001b[36mconst\u001b[39m hasCameraAlertButton \u001b[33m=\u001b[39m \u001b[35m/Alert\\.alert\\s*\\([^)]*\"Camera\"/\u001b[39m\u001b[33m.\u001b[39mtest(content) \u001b[33m||\u001b[39m\u001b[22m\n\u001b[2m     \u001b[90m 162 |\u001b[39m       \u001b[35m/text:\\s*[\"']Camera[\"']/\u001b[39m\u001b[33m.\u001b[39mtest(content)\u001b[33m;\u001b[39m\u001b[22m\n\u001b[2m    \u001b[31m\u001b[1m>\u001b[22m\u001b[2m\u001b[39m\u001b[90m 163 |\u001b[39m     expect(hasCameraAlertButton)\u001b[33m.\u001b[39mtoBe(\u001b[36mtrue\u001b[39m)\u001b[33m;\u001b[39m\u001b[22m\n\u001b[2m     \u001b[90m     |\u001b[39m                                  \u001b[31m\u001b[1m^\u001b[22m\u001b[2m\u001b[39m\u001b[22m\n\u001b[2m     \u001b[90m 164 |\u001b[39m   })\u001b[33m;\u001b[39m\u001b[22m\n\u001b[2m     \u001b[90m 165 |\u001b[39m\u001b[22m\n\u001b[2m     \u001b[90m 166 |\u001b[39m   test(\u001b[32m\"handleAvatarUpload shows an Alert with Gallery option before launching picker\"\u001b[39m\u001b[33m,\u001b[39m () \u001b[33m=>\u001b[39m {\u001b[0m\u001b[22m\n\u001b[2m\u001b[22m\n\u001b[2m      \u001b[2mat Object.<anonymous> (\u001b[22m\u001b[2m\u001b[0m\u001b[36msrc/__tests__/bugCondition.test.tsx\u001b[39m\u001b[0m\u001b[2m:163:34)\u001b[22m\u001b[2m\u001b[22m\n\n\u001b[1m\u001b[31m  \u001b[1m● \u001b[22m\u001b[1mTest 1d — Photo picker skips Camera/Gallery modal in Profile › handleAvatarUpload shows an Alert with Gallery option before launching picker\u001b[39m\u001b[22m\n\n    \u001b[2mexpect(\u001b[22m\u001b[31mreceived\u001b[39m\u001b[2m).\u001b[22mtoBe\u001b[2m(\u001b[22m\u001b[32mexpected\u001b[39m\u001b[2m) // Object.is equality\u001b[22m\n\n    Expected: \u001b[32mtrue\u001b[39m\n    Received: \u001b[31mfalse\u001b[39m\n\u001b[2m\u001b[22m\n\u001b[2m    \u001b[0m \u001b[90m 168 |\u001b[39m     \u001b[36mconst\u001b[39m hasGalleryAlertButton \u001b[33m=\u001b[39m \u001b[35m/Alert\\.alert\\s*\\([^)]*\"Gallery\"/\u001b[39m\u001b[33m.\u001b[39mtest(content) \u001b[33m||\u001b[39m\u001b[22m\n\u001b[2m     \u001b[90m 169 |\u001b[39m       \u001b[35m/text:\\s*[\"']Gallery[\"']/\u001b[39m\u001b[33m.\u001b[39mtest(content)\u001b[33m;\u001b[39m\u001b[22m\n\u001b[2m    \u001b[31m\u001b[1m>\u001b[22m\u001b[2m\u001b[39m\u001b[90m 170 |\u001b[39m     expect(hasGalleryAlertButton)\u001b[33m.\u001b[39mtoBe(\u001b[36mtrue\u001b[39m)\u001b[33m;\u001b[39m\u001b[22m\n\u001b[2m     \u001b[90m     |\u001b[39m                                   \u001b[31m\u001b[1m^\u001b[22m\u001b[2m\u001b[39m\u001b[22m\n\u001b[2m     \u001b[90m 171 |\u001b[39m   })\u001b[33m;\u001b[39m\u001b[22m\n\u001b[2m     \u001b[90m 172 |\u001b[39m\u001b[22m\n\u001b[2m     \u001b[90m 173 |\u001b[39m   test(\u001b[32m\"handleAvatarUpload does NOT call launchImageLibraryAsync directly without an Alert guard\"\u001b[39m\u001b[33m,\u001b[39m () \u001b[33m=>\u001b[39m {\u001b[0m\u001b[22m\n\u001b[2m\u001b[22m\n\u001b[2m      \u001b[2mat Object.<anonymous> (\u001b[22m\u001b[2m\u001b[0m\u001b[36msrc/__tests__/bugCondition.test.tsx\u001b[39m\u001b[0m\u001b[2m:170:35)\u001b[22m\u001b[2m\u001b[22m\n\n\u001b[1m\u001b[31m  \u001b[1m● \u001b[22m\u001b[1mTest 1d — Photo picker skips Camera/Gallery modal in Profile › handleAvatarUpload does NOT call launchImageLibraryAsync directly without an Alert guard\u001b[39m\u001b[22m\n\n    \u001b[2mexpect(\u001b[22m\u001b[31mreceived\u001b[39m\u001b[2m).\u001b[22mtoBe\u001b[2m(\u001b[22m\u001b[32mexpected\u001b[39m\u001b[2m) // Object.is equality\u001b[22m\n\n    Expected: \u001b[32mtrue\u001b[39m\n    Received: \u001b[31mfalse\u001b[39m\n\u001b[2m\u001b[22m\n\u001b[2m    \u001b[0m \u001b[90m 183 |\u001b[39m       \u001b[35m/[\"']Select Photo[\"']/\u001b[39m\u001b[33m.\u001b[39mtest(content) \u001b[33m||\u001b[39m\u001b[22m\n\u001b[2m     \u001b[90m 184 |\u001b[39m       \u001b[35m/[\"']Upload Photo[\"']/\u001b[39m\u001b[33m.\u001b[39mtest(content)\u001b[33m;\u001b[39m\u001b[22m\n\u001b[2m    \u001b[31m\u001b[1m>\u001b[22m\u001b[2m\u001b[39m\u001b[90m 185 |\u001b[39m     expect(hasChoosePhotoAlert)\u001b[33m.\u001b[39mtoBe(\u001b[36mtrue\u001b[39m)\u001b[33m;\u001b[39m\u001b[22m\n\u001b[2m     \u001b[90m     |\u001b[39m                                 \u001b[31m\u001b[1m^\u001b[22m\u001b[2m\u001b[39m\u001b[22m\n\u001b[2m     \u001b[90m 186 |\u001b[39m   })\u001b[33m;\u001b[39m\u001b[22m\n\u001b[2m     \u001b[90m 187 |\u001b[39m })\u001b[33m;\u001b[39m\u001b[22m\n\u001b[2m     \u001b[90m 188 |\u001b[39m\u001b[0m\u001b[22m\n\u001b[2m\u001b[22m\n\u001b[2m      \u001b[2mat Object.<anonymous> (\u001b[22m\u001b[2m\u001b[0m\u001b[36msrc/__tests__/bugCondition.test.tsx\u001b[39m\u001b[0m\u001b[2m:185:33)\u001b[22m\u001b[2m\u001b[22m\n\n\u001b[1m\u001b[31m  \u001b[1m● \u001b[22m\u001b[1mTest 1e — Multi-parcel land UI in AuthLandDetailsScreen › does NOT render a CropSelector component\u001b[39m\u001b[22m\n\n    \u001b[2mexpect(\u001b[22m\u001b[31mreceived\u001b[39m\u001b[2m).\u001b[22mtoBe\u001b[2m(\u001b[22m\u001b[32mexpected\u001b[39m\u001b[2m) // Object.is equality\u001b[22m\n\n    Expected: \u001b[32mfalse\u001b[39m\n    Received: \u001b[31mtrue\u001b[39m\n\u001b[2m\u001b[22m\n\u001b[2m    \u001b[0m \u001b[90m 209 |\u001b[39m     \u001b[90m// After fix, CropSelector should be removed from the screen.\u001b[39m\u001b[22m\n\u001b[2m     \u001b[90m 210 |\u001b[39m     \u001b[36mconst\u001b[39m hasCropSelector \u001b[33m=\u001b[39m \u001b[35m/CropSelector/\u001b[39m\u001b[33m.\u001b[39mtest(content)\u001b[33m;\u001b[39m\u001b[22m\n\u001b[2m    \u001b[31m\u001b[1m>\u001b[22m\u001b[2m\u001b[39m\u001b[90m 211 |\u001b[39m     expect(hasCropSelector)\u001b[33m.\u001b[39mtoBe(\u001b[36mfalse\u001b[39m)\u001b[33m;\u001b[39m\u001b[22m\n\u001b[2m     \u001b[90m     |\u001b[39m                             \u001b[31m\u001b[1m^\u001b[22m\u001b[2m\u001b[39m\u001b[22m\n\u001b[2m     \u001b[90m 212 |\u001b[39m   })\u001b[33m;\u001b[39m\u001b[22m\n\u001b[2m     \u001b[90m 213 |\u001b[39m\u001b[22m\n\u001b[2m     \u001b[90m 214 |\u001b[39m   test(\u001b[32m'renders a single input labelled \"Total Land (in Ha)\"'\u001b[39m\u001b[33m,\u001b[39m () \u001b[33m=>\u001b[39m {\u001b[0m\u001b[22m\n\u001b[2m\u001b[22m\n\u001b[2m      \u001b[2mat Object.<anonymous> (\u001b[22m\u001b[2m\u001b[0m\u001b[36msrc/__tests__/bugCondition.test.tsx\u001b[39m\u001b[0m\u001b[2m:211:29)\u001b[22m\u001b[2m\u001b[22m\n\n\u001b[1m\u001b[31m  \u001b[1m● \u001b[22m\u001b[1mTest 1e — Multi-parcel land UI in AuthLandDetailsScreen › renders a single input labelled \"Total Land (in Ha)\"\u001b[39m\u001b[22m\n\n    \u001b[2mexpect(\u001b[22m\u001b[31mreceived\u001b[39m\u001b[2m).\u001b[22mtoBe\u001b[2m(\u001b[22m\u001b[32mexpected\u001b[39m\u001b[2m) // Object.is equality\u001b[22m\n\n    Expected: \u001b[32mtrue\u001b[39m\n    Received: \u001b[31mfalse\u001b[39m\n\u001b[2m\u001b[22m\n\u001b[2m    \u001b[0m \u001b[90m 215 |\u001b[39m     \u001b[90m// After fix, there should be a label or placeholder containing \"Total Land (in Ha)\".\u001b[39m\u001b[22m\n\u001b[2m     \u001b[90m 216 |\u001b[39m     \u001b[36mconst\u001b[39m hasTotalLandLabel \u001b[33m=\u001b[39m \u001b[35m/Total Land \\(in Ha\\)/\u001b[39m\u001b[33m.\u001b[39mtest(content)\u001b[33m;\u001b[39m\u001b[22m\n\u001b[2m    \u001b[31m\u001b[1m>\u001b[22m\u001b[2m\u001b[39m\u001b[90m 217 |\u001b[39m     expect(hasTotalLandLabel)\u001b[33m.\u001b[39mtoBe(\u001b[36mtrue\u001b[39m)\u001b[33m;\u001b[39m\u001b[22m\n\u001b[2m     \u001b[90m     |\u001b[39m                               \u001b[31m\u001b[1m^\u001b[22m\u001b[2m\u001b[39m\u001b[22m\n\u001b[2m     \u001b[90m 218 |\u001b[39m   })\u001b[33m;\u001b[39m\u001b[22m\n\u001b[2m     \u001b[90m 219 |\u001b[39m\u001b[22m\n\u001b[2m     \u001b[90m 220 |\u001b[39m   test(\u001b[32m'does NOT use CropSelector for multi-crop selection (single total-land input expected)'\u001b[39m\u001b[33m,\u001b[39m () \u001b[33m=>\u001b[39m {\u001b[0m\u001b[22m\n\u001b[2m\u001b[22m\n\u001b[2m      \u001b[2mat Object.<anonymous> (\u001b[22m\u001b[2m\u001b[0m\u001b[36msrc/__tests__/bugCondition.test.tsx\u001b[39m\u001b[0m\u001b[2m:217:31)\u001b[22m\u001b[2m\u001b[22m\n\n\u001b[1m\u001b[31m  \u001b[1m● \u001b[22m\u001b[1mTest 1e — Multi-parcel land UI in AuthLandDetailsScreen › does NOT use CropSelector for multi-crop selection (single total-land input expected)\u001b[39m\u001b[22m\n\n    \u001b[2mexpect(\u001b[22m\u001b[31mreceived\u001b[39m\u001b[2m).\u001b[22mtoBe\u001b[2m(\u001b[22m\u001b[32mexpected\u001b[39m\u001b[2m) // Object.is equality\u001b[22m\n\n    Expected: \u001b[32mfalse\u001b[39m\n    Received: \u001b[31mtrue\u001b[39m\n\u001b[2m\u001b[22m\n\u001b[2m    \u001b[0m \u001b[90m 223 |\u001b[39m     \u001b[90m// This test is a duplicate assertion to reinforce the CropSelector removal.\u001b[39m\u001b[22m\n\u001b[2m     \u001b[90m 224 |\u001b[39m     \u001b[36mconst\u001b[39m importsCropSelector \u001b[33m=\u001b[39m \u001b[35m/import.*CropSelector/\u001b[39m\u001b[33m.\u001b[39mtest(content)\u001b[33m;\u001b[39m\u001b[22m\n\u001b[2m    \u001b[31m\u001b[1m>\u001b[22m\u001b[2m\u001b[39m\u001b[90m 225 |\u001b[39m     expect(importsCropSelector)\u001b[33m.\u001b[39mtoBe(\u001b[36mfalse\u001b[39m)\u001b[33m;\u001b[39m\u001b[22m\n\u001b[2m     \u001b[90m     |\u001b[39m                                 \u001b[31m\u001b[1m^\u001b[22m\u001b[2m\u001b[39m\u001b[22m\n\u001b[2m     \u001b[90m 226 |\u001b[39m   })\u001b[33m;\u001b[39m\u001b[22m\n\u001b[2m     \u001b[90m 227 |\u001b[39m })\u001b[33m;\u001b[39m\u001b[22m\n\u001b[2m     \u001b[90m 228 |\u001b[39m\u001b[0m\u001b[22m\n\u001b[2m\u001b[22m\n\u001b[2m      \u001b[2mat Object.<anonymous> (\u001b[22m\u001b[2m\u001b[0m\u001b[36msrc/__tests__/bugCondition.test.tsx\u001b[39m\u001b[0m\u001b[2m:225:33)\u001b[22m\u001b[2m\u001b[22m\n\n\u001b[1m\u001b[31m  \u001b[1m● \u001b[22m\u001b[1mTest 1g — Participate Now button label toggle in SchemeDetailsScreen › button label uses \"Participate Now\" for the default (not-interested) state\u001b[39m\u001b[22m\n\n    \u001b[2mexpect(\u001b[22m\u001b[31mreceived\u001b[39m\u001b[2m).\u001b[22mtoBe\u001b[2m(\u001b[22m\u001b[32mexpected\u001b[39m\u001b[2m) // Object.is equality\u001b[22m\n\n    Expected: \u001b[32mtrue\u001b[39m\n    Received: \u001b[31mfalse\u001b[39m\n\u001b[2m\u001b[22m\n\u001b[2m    \u001b[0m \u001b[90m 309 |\u001b[39m     \u001b[90m// After fix, the button label for the not-interested state should be \"Participate Now\".\u001b[39m\u001b[22m\n\u001b[2m     \u001b[90m 310 |\u001b[39m     \u001b[36mconst\u001b[39m hasParticipateNow \u001b[33m=\u001b[39m \u001b[35m/Participate Now/\u001b[39m\u001b[33m.\u001b[39mtest(content)\u001b[33m;\u001b[39m\u001b[22m\n\u001b[2m    \u001b[31m\u001b[1m>\u001b[22m\u001b[2m\u001b[39m\u001b[90m 311 |\u001b[39m     expect(hasParticipateNow)\u001b[33m.\u001b[39mtoBe(\u001b[36mtrue\u001b[39m)\u001b[33m;\u001b[39m\u001b[22m\n\u001b[2m     \u001b[90m     |\u001b[39m                               \u001b[31m\u001b[1m^\u001b[22m\u001b[2m\u001b[39m\u001b[22m\n\u001b[2m     \u001b[90m 312 |\u001b[39m   })\u001b[33m;\u001b[39m\u001b[22m\n\u001b[2m     \u001b[90m 313 |\u001b[39m\u001b[22m\n\u001b[2m     \u001b[90m 314 |\u001b[39m   test(\u001b[32m'button label uses \"Applied ✓\" for the interested (applied) state'\u001b[39m\u001b[33m,\u001b[39m () \u001b[33m=>\u001b[39m {\u001b[0m\u001b[22m\n\u001b[2m\u001b[22m\n\u001b[2m      \u001b[2mat Object.<anonymous> (\u001b[22m\u001b[2m\u001b[0m\u001b[36msrc/__tests__/bugCondition.test.tsx\u001b[39m\u001b[0m\u001b[2m:311:31)\u001b[22m\u001b[2m\u001b[22m\n\n\u001b[1m\u001b[31m  \u001b[1m● \u001b[22m\u001b[1mTest 1g — Participate Now button label toggle in SchemeDetailsScreen › button label uses \"Applied ✓\" for the interested (applied) state\u001b[39m\u001b[22m\n\n    \u001b[2mexpect(\u001b[22m\u001b[31mreceived\u001b[39m\u001b[2m).\u001b[22mtoBe\u001b[2m(\u001b[22m\u001b[32mexpected\u001b[39m\u001b[2m) // Object.is equality\u001b[22m\n\n    Expected: \u001b[32mtrue\u001b[39m\n    Received: \u001b[31mfalse\u001b[39m\n\u001b[2m\u001b[22m\n\u001b[2m    \u001b[0m \u001b[90m 315 |\u001b[39m     \u001b[90m// After fix, the button label for the interested state should be \"Applied ✓\".\u001b[39m\u001b[22m\n\u001b[2m     \u001b[90m 316 |\u001b[39m     \u001b[36mconst\u001b[39m hasAppliedLabel \u001b[33m=\u001b[39m \u001b[35m/Applied\\s*✓/\u001b[39m\u001b[33m.\u001b[39mtest(content)\u001b[33m;\u001b[39m\u001b[22m\n\u001b[2m    \u001b[31m\u001b[1m>\u001b[22m\u001b[2m\u001b[39m\u001b[90m 317 |\u001b[39m     expect(hasAppliedLabel)\u001b[33m.\u001b[39mtoBe(\u001b[36mtrue\u001b[39m)\u001b[33m;\u001b[39m\u001b[22m\n\u001b[2m     \u001b[90m     |\u001b[39m                             \u001b[31m\u001b[1m^\u001b[22m\u001b[2m\u001b[39m\u001b[22m\n\u001b[2m     \u001b[90m 318 |\u001b[39m   })\u001b[33m;\u001b[39m\u001b[22m\n\u001b[2m     \u001b[90m 319 |\u001b[39m })\u001b[33m;\u001b[39m\u001b[22m\n\u001b[2m     \u001b[90m 320 |\u001b[39m\u001b[0m\u001b[22m\n\u001b[2m\u001b[22m\n\u001b[2m      \u001b[2mat Object.<anonymous> (\u001b[22m\u001b[2m\u001b[0m\u001b[36msrc/__tests__/bugCondition.test.tsx\u001b[39m\u001b[0m\u001b[2m:317:29)\u001b[22m\u001b[2m\u001b[22m\n","name":"D:\\Internship\\Tanak-Prabha\\Client\\src\\__tests__\\bugCondition.test.tsx","startTime":1777287973093,"status":"failed","summary":""},{"assertionResults":[{"ancestorTitles":["Bug 3 — \"Reset position\" button above bottom-sheet card","Property 1: Reset position button exists in location picker"],"duration":5,"failing":false,"failureDetails":[{"matcherResult":{"message":"\u001b[2mexpect(\u001b[22m\u001b[31mreceived\u001b[39m\u001b[2m).\u001b[22mtoMatch\u001b[2m(\u001b[22m\u001b[32mexpected\u001b[39m\u001b[2m)\u001b[22m\n\nExpected pattern: \u001b[32m/Reset position/\u001b[39m\nReceived string:  \u001b[31m\"// src/app/(auth)/location-picker.tsx·\u001b[39m\n\u001b[31m//·\u001b[39m\n\u001b[31m// Modes (controlled by search params):·\u001b[39m\n\u001b[31m//   fromProfile=true        → profile update, navigates back on confirm·\u001b[39m\n\u001b[31m//   purpose=profile         → fills address fields via setProfileAddressOverride·\u001b[39m\n\u001b[31m//   purpose=event-location  → picks a single lat/lng for event creation·\u001b[39m\n\u001b[31m//   (default)               → onboarding home-location flow···\u001b[39m\n\u001b[31mimport { Ionicons } from \\\"@expo/vector-icons\\\";·\u001b[39m\n\u001b[31mimport * as Location from \\\"expo-location\\\";·\u001b[39m\n\u001b[31mimport { useRouter, useLocalSearchParams } from \\\"expo-router\\\";·\u001b[39m\n\u001b[31mimport React, { useCallback, useEffect, useRef, useState } from \\\"react\\\";·\u001b[39m\n\u001b[31mimport { userApi } from \\\"../../services/apiService\\\";·\u001b[39m\n\u001b[31mimport {·\u001b[39m\n\u001b[31m    ActivityIndicator,·\u001b[39m\n\u001b[31m    Alert,·\u001b[39m\n\u001b[31m    BackHandler,·\u001b[39m\n\u001b[31m    Dimensions,·\u001b[39m\n\u001b[31m    Keyboard,·\u001b[39m\n\u001b[31m    Linking,·\u001b[39m\n\u001b[31m    Platform,·\u001b[39m\n\u001b[31m    Pressable,·\u001b[39m\n\u001b[31m    StatusBar,·\u001b[39m\n\u001b[31m    StyleSheet,·\u001b[39m\n\u001b[31m    TextInput,·\u001b[39m\n\u001b[31m    View,·\u001b[39m\n\u001b[31m} from \\\"react-native\\\";·\u001b[39m\n\u001b[31mimport MapView, { Circle, PROVIDER_GOOGLE } from \\\"react-native-maps\\\";·\u001b[39m\n\u001b[31mimport AppText from \\\"../../components/atoms/AppText\\\";·\u001b[39m\n\u001b[31mimport { useOnboardingStore } from \\\"../../stores/onboardingStore\\\";·\u001b[39m\n\u001b[31mimport { theme } from \\\"../../styles/colors\\\";·\u001b[39m\n\u001b[31mimport {·\u001b[39m\n\u001b[31m    googleReverseGeocode,·\u001b[39m\n\u001b[31m    parseGoogleAddress,·\u001b[39m\n\u001b[31m    fetchPlacePredictions,·\u001b[39m\n\u001b[31m    fetchPlaceLatLng,·\u001b[39m\n\u001b[31m    formatAccuracyLabel,·\u001b[39m\n\u001b[31m    type PlacePrediction,·\u001b[39m\n\u001b[31m} from \\\"../../utils/locationUtils\\\";···\u001b[39m\n\u001b[31mexport const unstable_settings = { headerShown: false };···\u001b[39m\n\u001b[31m// ─── Constants ────────────────────────────────────────────────────────────────···\u001b[39m\n\u001b[31mconst INDIA_FALLBACK = { lat: 20.5937, lng: 78.9629 };·\u001b[39m\n\u001b[31mconst GPS_ACQUISITION_TIMEOUT_MS = 10_000;·\u001b[39m\n\u001b[31mconst GPS_ACCURACY_THRESHOLD_M = 100;·\u001b[39m\n\u001b[31mconst SEARCH_DEBOUNCE_MS = 350;·\u001b[39m\n\u001b[31mconst MAPS_KEY = process.env.EXPO_PUBLIC_GOOGLE_MAPS_API_KEY ?? \\\"\\\";·\u001b[39m\n\u001b[31mconst { width: SCREEN_WIDTH } = Dimensions.get(\\\"window\\\");···\u001b[39m\n\u001b[31mtype GpsStatus = \\\"loading\\\" | \\\"acquired\\\" | \\\"no-fix\\\" | \\\"denied\\\";···\u001b[39m\n\u001b[31m// ─── Screen ───────────────────────────────────────────────────────────────────···\u001b[39m\n\u001b[31mexport default function LocationPickerScreen() {·\u001b[39m\n\u001b[31m    const router = useRouter();·\u001b[39m\n\u001b[31m    const { fromProfile, purpose } = useLocalSearchParams<{·\u001b[39m\n\u001b[31m        fromProfile?: string;·\u001b[39m\n\u001b[31m        purpose?: string;·\u001b[39m\n\u001b[31m    }>();·\u001b[39m\n\u001b[31m    const isProfileMode = fromProfile === \\\"true\\\" || !!purpose;···\u001b[39m\n\u001b[31m    const {·\u001b[39m\n\u001b[31m        locationData,·\u001b[39m\n\u001b[31m        setLocationData,·\u001b[39m\n\u001b[31m        personalDetails,·\u001b[39m\n\u001b[31m        updatePersonalDetails,·\u001b[39m\n\u001b[31m        setProfileAddressOverride,·\u001b[39m\n\u001b[31m        setEventLocationPick,·\u001b[39m\n\u001b[31m        setBeneficiaryLocationPick,·\u001b[39m\n\u001b[31m    } = useOnboardingStore();···\u001b[39m\n\u001b[31m    // ── GPS / map state ────────────────────────────────────────────────────────·\u001b[39m\n\u001b[31m    const [gpsStatus, setGpsStatus] = useState<GpsStatus>(\\\"loading\\\");·\u001b[39m\n\u001b[31m    const [initialPos, setInitialPos] = useState<{ lat: number; lng: number } | null>(null);·\u001b[39m\n\u001b[31m    const [gpsAccuracy, setGpsAccuracy] = useState(50);·\u001b[39m\n\u001b[31m    const [accuracyCircleVisible, setAccuracyCircleVisible] = useState(false);·\u001b[39m\n\u001b[31m    const [pinCoords, setPinCoords] = useState<{ lat: number; lng: number } | null>(null);·\u001b[39m\n\u001b[31m    const [gpsAddress, setGpsAddress] = useState<string>(\\\"\\\");···\u001b[39m\n\u001b[31m    // ── Address display state ──────────────────────────────────────────────────·\u001b[39m\n\u001b[31m    const [address, setAddress] = useState(\\\"\\\");·\u001b[39m\n\u001b[31m    const [geocodeLoading, setGeocodeLoading] = useState(false);·\u001b[39m\n\u001b[31m    const [geocodeError, setGeocodeError] = useState(false);···\u001b[39m\n\u001b[31m    // ── My-location button state ───────────────────────────────────────────────·\u001b[39m\n\u001b[31m    const [myLocationLoading, setMyLocationLoading] = useState(false);·\u001b[39m\n\u001b[31m    const [myLocationError, setMyLocationError] = useState<string | null>(null);···\u001b[39m\n\u001b[31m    // ── Search state ───────────────────────────────────────────────────────────·\u001b[39m\n\u001b[31m    const [searchText, setSearchText] = useState(\\\"\\\");·\u001b[39m\n\u001b[31m    const [predictions, setPredictions] = useState<PlacePrediction[]>([]);·\u001b[39m\n\u001b[31m    const [searchLoading, setSearchLoading] = useState(false);·\u001b[39m\n\u001b[31m    const [showResults, setShowResults] = useState(false);·\u001b[39m\n\u001b[31m    const [searchSelectError, setSearchSelectError] = useState(false);···\u001b[39m\n\u001b[31m    // ── Save state ─────────────────────────────────────────────────────────────·\u001b[39m\n\u001b[31m    const [saving, setSaving] = useState(false);···\u001b[39m\n\u001b[31m    // ── Pre-populate address override from profile when purpose === \\\"profile\\\" ──·\u001b[39m\n\u001b[31m    useEffect(() => {·\u001b[39m\n\u001b[31m        if (purpose !== \\\"profile\\\") return;·\u001b[39m\n\u001b[31m        userApi.getProfile().then((res) => {·\u001b[39m\n\u001b[31m            if (!isMountedRef.current) return;·\u001b[39m\n\u001b[31m            const profile = res.data?.user;·\u001b[39m\n\u001b[31m            if (!profile) return;·\u001b[39m\n\u001b[31m            const initial: Record<string, string> = {};·\u001b[39m\n\u001b[31m            if (profile.state) initial.state = profile.state;·\u001b[39m\n\u001b[31m            if (profile.district) initial.district = profile.district;·\u001b[39m\n\u001b[31m            if (Object.keys(initial).length > 0) {·\u001b[39m\n\u001b[31m                setProfileAddressOverride(initial);·\u001b[39m\n\u001b[31m            }·\u001b[39m\n\u001b[31m        }).catch(() => { /* silently ignore — pre-population is best-effort */ });·\u001b[39m\n\u001b[31m        // eslint-disable-next-line react-hooks/exhaustive-deps·\u001b[39m\n\u001b[31m    }, [purpose]);···\u001b[39m\n\u001b[31m    // ── Refs ───────────────────────────────────────────────────────────────────·\u001b[39m\n\u001b[31m    const mapRef = useRef<MapView>(null);·\u001b[39m\n\u001b[31m    const geocodeRequestId = useRef(0);·\u001b[39m\n\u001b[31m    const searchDebounce = useRef<ReturnType<typeof setTimeout> | null>(null);·\u001b[39m\n\u001b[31m    const myLocationErrorTimer = useRef<ReturnType<typeof setTimeout> | null>(null);·\u001b[39m\n\u001b[31m    const isMountedRef = useRef(true);···\u001b[39m\n\u001b[31m    useEffect(() => {·\u001b[39m\n\u001b[31m        isMountedRef.current = true;·\u001b[39m\n\u001b[31m        return () => {·\u001b[39m\n\u001b[31m            isMountedRef.current = false;·\u001b[39m\n\u001b[31m            if (myLocationErrorTimer.current) clearTimeout(myLocationErrorTimer.current);·\u001b[39m\n\u001b[31m            if (searchDebounce.current) clearTimeout(searchDebounce.current);·\u001b[39m\n\u001b[31m        };·\u001b[39m\n\u001b[31m    }, []);···\u001b[39m\n\u001b[31m    // ── Back-navigation guard ──────────────────────────────────────────────────·\u001b[39m\n\u001b[31m    useEffect(() => {·\u001b[39m\n\u001b[31m        if (isProfileMode || locationData === null) return;·\u001b[39m\n\u001b[31m        const onBack = () => {·\u001b[39m\n\u001b[31m            Alert.alert(·\u001b[39m\n\u001b[31m                \\\"Change location?\\\",·\u001b[39m\n\u001b[31m                \\\"Going back will clear your confirmed pin.\\\",·\u001b[39m\n\u001b[31m                [·\u001b[39m\n\u001b[31m                    { text: \\\"Stay here\\\", style: \\\"cancel\\\" },·\u001b[39m\n\u001b[31m                    {·\u001b[39m\n\u001b[31m                        text: \\\"Go back\\\",·\u001b[39m\n\u001b[31m                        style: \\\"destructive\\\",·\u001b[39m\n\u001b[31m                        onPress: () => { setLocationData(null); router.back(); },·\u001b[39m\n\u001b[31m                    },·\u001b[39m\n\u001b[31m                ]·\u001b[39m\n\u001b[31m            );·\u001b[39m\n\u001b[31m            return true;·\u001b[39m\n\u001b[31m        };·\u001b[39m\n\u001b[31m        const sub = BackHandler.addEventListener(\\\"hardwareBackPress\\\", onBack);·\u001b[39m\n\u001b[31m        return () => sub.remove();·\u001b[39m\n\u001b[31m    }, [isProfileMode, locationData, setLocationData, router]);···\u001b[39m\n\u001b[31m    // ── Reverse geocode ────────────────────────────────────────────────────────·\u001b[39m\n\u001b[31m    const geocodeCoords = useCallback(async (lat: number, lng: number) => {·\u001b[39m\n\u001b[31m        const requestId = ++geocodeRequestId.current;·\u001b[39m\n\u001b[31m        setGeocodeLoading(true);·\u001b[39m\n\u001b[31m        setGeocodeError(false);·\u001b[39m\n\u001b[31m        try {·\u001b[39m\n\u001b[31m            const result = await googleReverseGeocode(lat, lng);·\u001b[39m\n\u001b[31m            if (requestId !== geocodeRequestId.current) return;·\u001b[39m\n\u001b[31m            setAddress(result);·\u001b[39m\n\u001b[31m        } catch {·\u001b[39m\n\u001b[31m            if (requestId === geocodeRequestId.current) {·\u001b[39m\n\u001b[31m                setGeocodeError(true);·\u001b[39m\n\u001b[31m                setAddress(\\\"\\\");·\u001b[39m\n\u001b[31m            }·\u001b[39m\n\u001b[31m        } finally {·\u001b[39m\n\u001b[31m            if (requestId === geocodeRequestId.current) setGeocodeLoading(false);·\u001b[39m\n\u001b[31m        }·\u001b[39m\n\u001b[31m    }, []);···\u001b[39m\n\u001b[31m    const geocodeGpsCoords = useCallback(async (lat: number, lng: number) => {·\u001b[39m\n\u001b[31m        try {·\u001b[39m\n\u001b[31m            const gpsAddr = await googleReverseGeocode(lat, lng);·\u001b[39m\n\u001b[31m            if (isMountedRef.current) setGpsAddress(gpsAddr);·\u001b[39m\n\u001b[31m        } catch {·\u001b[39m\n\u001b[31m            if (isMountedRef.current) setGpsAddress(\\\"GPS Location Acquired\\\");·\u001b[39m\n\u001b[31m        }·\u001b[39m\n\u001b[31m    }, []);···\u001b[39m\n\u001b[31m    // ── GPS acquisition on mount ───────────────────────────────────────────────·\u001b[39m\n\u001b[31m    useEffect(() => {·\u001b[39m\n\u001b[31m        let timeoutId: ReturnType<typeof setTimeout> | null = null;···\u001b[39m\n\u001b[31m        (async () => {·\u001b[39m\n\u001b[31m            try {·\u001b[39m\n\u001b[31m                const { status } = await Location.requestForegroundPermissionsAsync();·\u001b[39m\n\u001b[31m                if (!isMountedRef.current) return;···\u001b[39m\n\u001b[31m                if (status !== \\\"granted\\\") {·\u001b[39m\n\u001b[31m                    setGpsStatus(\\\"denied\\\");·\u001b[39m\n\u001b[31m                    setInitialPos(INDIA_FALLBACK);·\u001b[39m\n\u001b[31m                    return;·\u001b[39m\n\u001b[31m                }···\u001b[39m\n\u001b[31m                try {·\u001b[39m\n\u001b[31m                    const positionPromise = Location.getCurrentPositionAsync({·\u001b[39m\n\u001b[31m                        accuracy: Location.Accuracy.Balanced,·\u001b[39m\n\u001b[31m                    });·\u001b[39m\n\u001b[31m                    const timeoutPromise = new Promise<never>((_, reject) => {·\u001b[39m\n\u001b[31m                        timeoutId = setTimeout(·\u001b[39m\n\u001b[31m                            () => reject(new Error(\\\"gps_timeout\\\")),·\u001b[39m\n\u001b[31m                            GPS_ACQUISITION_TIMEOUT_MS·\u001b[39m\n\u001b[31m                        );·\u001b[39m\n\u001b[31m                    });·\u001b[39m\n\u001b[31m                    const loc = await Promise.race<Location.LocationObject>([positionPromise, timeoutPromise]);·\u001b[39m\n\u001b[31m                    if (timeoutId) clearTimeout(timeoutId);·\u001b[39m\n\u001b[31m                    if (!isMountedRef.current) return;···\u001b[39m\n\u001b[31m                    const { latitude, longitude, accuracy } = loc.coords;·\u001b[39m\n\u001b[31m                    const accuracyVal = accuracy ?? 50;·\u001b[39m\n\u001b[31m                    setGpsAccuracy(accuracyVal);·\u001b[39m\n\u001b[31m                    setInitialPos({ lat: latitude, lng: longitude });·\u001b[39m\n\u001b[31m                    setPinCoords({ lat: latitude, lng: longitude });·\u001b[39m\n\u001b[31m                    setAccuracyCircleVisible(true);·\u001b[39m\n\u001b[31m                    setGpsStatus(\\\"acquired\\\");·\u001b[39m\n\u001b[31m                    geocodeGpsCoords(latitude, longitude);·\u001b[39m\n\u001b[31m                    geocodeCoords(latitude, longitude);·\u001b[39m\n\u001b[31m                } catch {·\u001b[39m\n\u001b[31m                    if (timeoutId) clearTimeout(timeoutId);·\u001b[39m\n\u001b[31m                    if (!isMountedRef.current) return;·\u001b[39m\n\u001b[31m                    setGpsStatus(\\\"no-fix\\\");·\u001b[39m\n\u001b[31m                    setInitialPos(INDIA_FALLBACK);·\u001b[39m\n\u001b[31m                }·\u001b[39m\n\u001b[31m            } catch {·\u001b[39m\n\u001b[31m                if (timeoutId) clearTimeout(timeoutId);·\u001b[39m\n\u001b[31m                if (!isMountedRef.current) return;·\u001b[39m\n\u001b[31m                setGpsStatus(\\\"denied\\\");·\u001b[39m\n\u001b[31m                setInitialPos(INDIA_FALLBACK);·\u001b[39m\n\u001b[31m            }·\u001b[39m\n\u001b[31m        })();···\u001b[39m\n\u001b[31m        return () => { if (timeoutId) clearTimeout(timeoutId); };·\u001b[39m\n\u001b[31m    }, [geocodeCoords]);···\u001b[39m\n\u001b[31m    // ── Fly map to coords ──────────────────────────────────────────────────────·\u001b[39m\n\u001b[31m    const flyTo = useCallback((lat: number, lng: number, zoom = 15) => {·\u001b[39m\n\u001b[31m        const delta = (0.01 / zoom) * 15;·\u001b[39m\n\u001b[31m        mapRef.current?.animateToRegion(·\u001b[39m\n\u001b[31m            { latitude: lat, longitude: lng, latitudeDelta: delta, longitudeDelta: delta },·\u001b[39m\n\u001b[31m            800·\u001b[39m\n\u001b[31m        );·\u001b[39m\n\u001b[31m    }, []);···\u001b[39m\n\u001b[31m    // ── GPS re-acquisition ─────────────────────────────────────────────────────·\u001b[39m\n\u001b[31m    const reacquireGPS = useCallback(async (): Promise<boolean> => {·\u001b[39m\n\u001b[31m        try {·\u001b[39m\n\u001b[31m            const positionPromise = Location.getCurrentPositionAsync({ accuracy: Location.Accuracy.Balanced });·\u001b[39m\n\u001b[31m            const timeoutPromise = new Promise<never>((_, reject) =>·\u001b[39m\n\u001b[31m                setTimeout(() => reject(new Error(\\\"gps_timeout\\\")), GPS_ACQUISITION_TIMEOUT_MS)·\u001b[39m\n\u001b[31m            );·\u001b[39m\n\u001b[31m            const loc = await Promise.race<Location.LocationObject>([positionPromise, timeoutPromise]);·\u001b[39m\n\u001b[31m            const { latitude, longitude, accuracy } = loc.coords;·\u001b[39m\n\u001b[31m            const accuracyVal = accuracy ?? 50;·\u001b[39m\n\u001b[31m            setGpsAccuracy(accuracyVal);·\u001b[39m\n\u001b[31m            setPinCoords({ lat: latitude, lng: longitude });·\u001b[39m\n\u001b[31m            flyTo(latitude, longitude, 15);·\u001b[39m\n\u001b[31m            setAccuracyCircleVisible(true);·\u001b[39m\n\u001b[31m            setGpsStatus(\\\"acquired\\\");·\u001b[39m\n\u001b[31m            geocodeGpsCoords(latitude, longitude);·\u001b[39m\n\u001b[31m            geocodeCoords(latitude, longitude);·\u001b[39m\n\u001b[31m            return true;·\u001b[39m\n\u001b[31m        } catch {·\u001b[39m\n\u001b[31m            return false;·\u001b[39m\n\u001b[31m        }·\u001b[39m\n\u001b[31m    }, [flyTo, geocodeCoords]);···\u001b[39m\n\u001b[31m    // ── My-location button ─────────────────────────────────────────────────────·\u001b[39m\n\u001b[31m    const handleMyLocation = useCallback(async () => {·\u001b[39m\n\u001b[31m        if (myLocationErrorTimer.current) clearTimeout(myLocationErrorTimer.current);·\u001b[39m\n\u001b[31m        setMyLocationError(null);···\u001b[39m\n\u001b[31m        if (gpsStatus === \\\"no-fix\\\") {·\u001b[39m\n\u001b[31m            setMyLocationLoading(true);·\u001b[39m\n\u001b[31m            const ok = await reacquireGPS();·\u001b[39m\n\u001b[31m            if (!isMountedRef.current) return;·\u001b[39m\n\u001b[31m            setMyLocationLoading(false);·\u001b[39m\n\u001b[31m            if (!ok) {·\u001b[39m\n\u001b[31m                setMyLocationError(\\\"Could not get GPS location. Try moving to an open area.\\\");·\u001b[39m\n\u001b[31m                myLocationErrorTimer.current = setTimeout(() => {·\u001b[39m\n\u001b[31m                    if (isMountedRef.current) setMyLocationError(null);·\u001b[39m\n\u001b[31m                }, 4000);·\u001b[39m\n\u001b[31m            }·\u001b[39m\n\u001b[31m        } else if (initialPos) {·\u001b[39m\n\u001b[31m            flyTo(initialPos.lat, initialPos.lng, 15);·\u001b[39m\n\u001b[31m        }·\u001b[39m\n\u001b[31m    }, [gpsStatus, initialPos, flyTo, reacquireGPS]);···\u001b[39m\n\u001b[31m    // ── Search ─────────────────────────────────────────────────────────────────·\u001b[39m\n\u001b[31m    const handleSearchChange = useCallback((text: string) => {·\u001b[39m\n\u001b[31m        setSearchText(text);·\u001b[39m\n\u001b[31m        setSearchSelectError(false);·\u001b[39m\n\u001b[31m        if (searchDebounce.current) clearTimeout(searchDebounce.current);···\u001b[39m\n\u001b[31m        if (text.trim().length < 2) {·\u001b[39m\n\u001b[31m            setShowResults(false);·\u001b[39m\n\u001b[31m            setPredictions([]);·\u001b[39m\n\u001b[31m            return;·\u001b[39m\n\u001b[31m        }···\u001b[39m\n\u001b[31m        searchDebounce.current = setTimeout(async () => {·\u001b[39m\n\u001b[31m            setSearchLoading(true);·\u001b[39m\n\u001b[31m            try {·\u001b[39m\n\u001b[31m                const results = await fetchPlacePredictions(text, MAPS_KEY);·\u001b[39m\n\u001b[31m                if (!isMountedRef.current) return;·\u001b[39m\n\u001b[31m                setPredictions(results);·\u001b[39m\n\u001b[31m                setShowResults(true);·\u001b[39m\n\u001b[31m            } catch {·\u001b[39m\n\u001b[31m                if (!isMountedRef.current) return;·\u001b[39m\n\u001b[31m                setPredictions([]);·\u001b[39m\n\u001b[31m                setShowResults(false);·\u001b[39m\n\u001b[31m            } finally {·\u001b[39m\n\u001b[31m                if (isMountedRef.current) setSearchLoading(false);·\u001b[39m\n\u001b[31m            }·\u001b[39m\n\u001b[31m        }, SEARCH_DEBOUNCE_MS);·\u001b[39m\n\u001b[31m    }, []);···\u001b[39m\n\u001b[31m    const handleSearchSelect = useCallback(async (p: PlacePrediction) => {·\u001b[39m\n\u001b[31m        setShowResults(false);·\u001b[39m\n\u001b[31m        setSearchText(p.primaryName);·\u001b[39m\n\u001b[31m        setSearchSelectError(false);·\u001b[39m\n\u001b[31m        Keyboard.dismiss();···\u001b[39m\n\u001b[31m        try {·\u001b[39m\n\u001b[31m            const { lat, lng } = await fetchPlaceLatLng(p.placeId, MAPS_KEY);·\u001b[39m\n\u001b[31m            if (!isMountedRef.current) return;·\u001b[39m\n\u001b[31m            flyTo(lat, lng, 14);·\u001b[39m\n\u001b[31m            setPinCoords({ lat, lng });·\u001b[39m\n\u001b[31m            geocodeCoords(lat, lng);·\u001b[39m\n\u001b[31m        } catch {·\u001b[39m\n\u001b[31m            if (isMountedRef.current) setSearchSelectError(true);·\u001b[39m\n\u001b[31m        }·\u001b[39m\n\u001b[31m    }, [flyTo, geocodeCoords]);···\u001b[39m\n\u001b[31m    // ── Confirm ────────────────────────────────────────────────────────────────·\u001b[39m\n\u001b[31m    const handleConfirm = useCallback(async () => {·\u001b[39m\n\u001b[31m        if (!pinCoords) return;···\u001b[39m\n\u001b[31m        if (gpsStatus === \\\"acquired\\\" && gpsAccuracy > GPS_ACCURACY_THRESHOLD_M) {·\u001b[39m\n\u001b[31m            Alert.alert(·\u001b[39m\n\u001b[31m                \\\"Low GPS Accuracy\\\",·\u001b[39m\n\u001b[31m                `Your GPS accuracy is ±${Math.round(gpsAccuracy)}m. For best results, move to an open area and try again.`,·\u001b[39m\n\u001b[31m                [·\u001b[39m\n\u001b[31m                    { text: \\\"Try Again\\\", style: \\\"cancel\\\", onPress: reacquireGPS },·\u001b[39m\n\u001b[31m                    { text: \\\"Confirm Anyway\\\", onPress: doConfirm },·\u001b[39m\n\u001b[31m                ]·\u001b[39m\n\u001b[31m            );·\u001b[39m\n\u001b[31m            return;·\u001b[39m\n\u001b[31m        }·\u001b[39m\n\u001b[31m        doConfirm();·\u001b[39m\n\u001b[31m    }, [pinCoords, gpsStatus, gpsAccuracy, reacquireGPS]);···\u001b[39m\n\u001b[31m    const doConfirm = useCallback(async () => {·\u001b[39m\n\u001b[31m        if (!pinCoords) return;·\u001b[39m\n\u001b[31m        setSaving(true);···\u001b[39m\n\u001b[31m        const newLocInfo = {·\u001b[39m\n\u001b[31m            lat: pinCoords.lat,·\u001b[39m\n\u001b[31m            lng: pinCoords.lng,·\u001b[39m\n\u001b[31m            address: address || \\\"Unknown location\\\",·\u001b[39m\n\u001b[31m            accuracy: gpsAccuracy,·\u001b[39m\n\u001b[31m            setAt: new Date().toISOString(),·\u001b[39m\n\u001b[31m            method: \\\"gps\\\" as const,·\u001b[39m\n\u001b[31m        };···\u001b[39m\n\u001b[31m        try {·\u001b[39m\n\u001b[31m            if (isProfileMode) {·\u001b[39m\n\u001b[31m                if (purpose === \\\"event-location\\\") {·\u001b[39m\n\u001b[31m                    setEventLocationPick({ lat: pinCoords.lat, lng: pinCoords.lng });·\u001b[39m\n\u001b[31m                    router.back();·\u001b[39m\n\u001b[31m                    return;·\u001b[39m\n\u001b[31m                }···\u001b[39m\n\u001b[31m                if (purpose === \\\"beneficiary\\\") {·\u001b[39m\n\u001b[31m                    setBeneficiaryLocationPick({·\u001b[39m\n\u001b[31m                        lat: pinCoords.lat,·\u001b[39m\n\u001b[31m                        lng: pinCoords.lng,·\u001b[39m\n\u001b[31m                        address: address || \\\"Unknown location\\\",·\u001b[39m\n\u001b[31m                    });·\u001b[39m\n\u001b[31m                    router.back();·\u001b[39m\n\u001b[31m                    return;·\u001b[39m\n\u001b[31m                }···\u001b[39m\n\u001b[31m                if (purpose === \\\"profile\\\") {·\u001b[39m\n\u001b[31m                    let parsed;·\u001b[39m\n\u001b[31m                    try { parsed = await parseGoogleAddress(pinCoords.lat, pinCoords.lng); } catch { parsed = null; }·\u001b[39m\n\u001b[31m                    const override: Record<string, string> = {};·\u001b[39m\n\u001b[31m                    if (parsed?.state) override.state = parsed.state;·\u001b[39m\n\u001b[31m                    if (parsed?.district) override.district = parsed.district;·\u001b[39m\n\u001b[31m                    if (parsed?.tehsil) override.tehsil = parsed.tehsil;·\u001b[39m\n\u001b[31m                    if (parsed?.block) override.block = parsed.block;·\u001b[39m\n\u001b[31m                    if (parsed?.village) override.village = parsed.village;·\u001b[39m\n\u001b[31m                    if (parsed?.pinCode) override.pinCode = parsed.pinCode;·\u001b[39m\n\u001b[31m                    if (parsed?.postOffice) override.postOffice = parsed.postOffice;·\u001b[39m\n\u001b[31m                    setProfileAddressOverride(override);·\u001b[39m\n\u001b[31m                    router.back();·\u001b[39m\n\u001b[31m                    return;·\u001b[39m\n\u001b[31m                }···\u001b[39m\n\u001b[31m                // Generic profile location update·\u001b[39m\n\u001b[31m                await userApi.updateProfile({ location: newLocInfo });·\u001b[39m\n\u001b[31m                if (router.canGoBack()) router.back();·\u001b[39m\n\u001b[31m                else router.push(\\\"/(tab)/profile\\\" as any);·\u001b[39m\n\u001b[31m                return;·\u001b[39m\n\u001b[31m            }···\u001b[39m\n\u001b[31m            // Onboarding flow·\u001b[39m\n\u001b[31m            setLocationData(newLocInfo);···\u001b[39m\n\u001b[31m            let parsed;·\u001b[39m\n\u001b[31m            try {·\u001b[39m\n\u001b[31m                parsed = await parseGoogleAddress(pinCoords.lat, pinCoords.lng, {·\u001b[39m\n\u001b[31m                    state: personalDetails.state,·\u001b[39m\n\u001b[31m                    district: personalDetails.district,·\u001b[39m\n\u001b[31m                    tehsil: personalDetails.tehsil,·\u001b[39m\n\u001b[31m                    block: personalDetails.block,·\u001b[39m\n\u001b[31m                    village: personalDetails.village,·\u001b[39m\n\u001b[31m                    pinCode: personalDetails.pinCode,·\u001b[39m\n\u001b[31m                    postOffice: personalDetails.postOffice,·\u001b[39m\n\u001b[31m                });·\u001b[39m\n\u001b[31m            } catch { parsed = null; }·\u001b[39m\n\u001b[31m            const updates: Record<string, string> = {};·\u001b[39m\n\u001b[31m            if (parsed?.state) updates.state = parsed.state;·\u001b[39m\n\u001b[31m            if (parsed?.district) updates.district = parsed.district;·\u001b[39m\n\u001b[31m            if (parsed?.tehsil) updates.tehsil = parsed.tehsil;·\u001b[39m\n\u001b[31m            if (parsed?.block) updates.block = parsed.block;·\u001b[39m\n\u001b[31m            if (parsed?.village) updates.village = parsed.village;·\u001b[39m\n\u001b[31m            if (parsed?.pinCode) updates.pinCode = parsed.pinCode;·\u001b[39m\n\u001b[31m            if (parsed?.postOffice) updates.postOffice = parsed.postOffice;·\u001b[39m\n\u001b[31m            if (Object.keys(updates).length > 0) updatePersonalDetails(updates);···\u001b[39m\n\u001b[31m            router.push(\\\"/(auth)/land-details\\\" as any);·\u001b[39m\n\u001b[31m        } catch (error) {·\u001b[39m\n\u001b[31m            console.error(\\\"doConfirm failed:\\\", error);·\u001b[39m\n\u001b[31m            Alert.alert(\\\"Error\\\", \\\"Failed to save location. Please try again.\\\");·\u001b[39m\n\u001b[31m        } finally {·\u001b[39m\n\u001b[31m            if (isMountedRef.current) setSaving(false);·\u001b[39m\n\u001b[31m        }·\u001b[39m\n\u001b[31m    }, [·\u001b[39m\n\u001b[31m        pinCoords, address, gpsAccuracy, isProfileMode, purpose,·\u001b[39m\n\u001b[31m        personalDetails, setLocationData, setProfileAddressOverride,·\u001b[39m\n\u001b[31m        setEventLocationPick, setBeneficiaryLocationPick, updatePersonalDetails, router,·\u001b[39m\n\u001b[31m    ]);···\u001b[39m\n\u001b[31m    // ── Skip ───────────────────────────────────────────────────────────────────·\u001b[39m\n\u001b[31m    const handleSkip = useCallback(() => {·\u001b[39m\n\u001b[31m        if (isProfileMode) {·\u001b[39m\n\u001b[31m            if (router.canGoBack()) router.back();·\u001b[39m\n\u001b[31m            else router.push(\\\"/(tab)/profile\\\" as any);·\u001b[39m\n\u001b[31m            return;·\u001b[39m\n\u001b[31m        }·\u001b[39m\n\u001b[31m        setLocationData({·\u001b[39m\n\u001b[31m            lat: 0, lng: 0, address: \\\"\\\", accuracy: 0,·\u001b[39m\n\u001b[31m            setAt: new Date().toISOString(), method: \\\"skipped\\\" as const,·\u001b[39m\n\u001b[31m        });·\u001b[39m\n\u001b[31m        router.push(\\\"/(auth)/land-details\\\" as any);·\u001b[39m\n\u001b[31m    }, [isProfileMode, setLocationData, router]);···\u001b[39m\n\u001b[31m    // ── Permission denied screen ───────────────────────────────────────────────·\u001b[39m\n\u001b[31m    if (gpsStatus === \\\"denied\\\") {·\u001b[39m\n\u001b[31m        return (·\u001b[39m\n\u001b[31m            <View style={styles.root}>·\u001b[39m\n\u001b[31m                <StatusBar barStyle=\\\"dark-content\\\" />·\u001b[39m\n\u001b[31m                <View style={styles.topProgress}>·\u001b[39m\n\u001b[31m                    <View style={[styles.topProgressFill, { width: \\\"50%\\\" }]} />·\u001b[39m\n\u001b[31m                </View>·\u001b[39m\n\u001b[31m                <View style={styles.deniedContainer}>·\u001b[39m\n\u001b[31m                    <View style={styles.deniedIconBg}>·\u001b[39m\n\u001b[31m                        <Ionicons name=\\\"location-outline\\\" size={40} color={theme.secondary.harvest} />·\u001b[39m\n\u001b[31m                    </View>·\u001b[39m\n\u001b[31m                    <AppText variant=\\\"h3\\\" style={styles.deniedTitle}>Location Access Needed</AppText>·\u001b[39m\n\u001b[31m                    <AppText variant=\\\"bodySm\\\" style={styles.deniedBody}>·\u001b[39m\n\u001b[31m                        To place your home on the map, Tanak Prabha needs location permission.·\u001b[39m\n\u001b[31m                        Your location is only used to build the farming heatmap.·\u001b[39m\n\u001b[31m                    </AppText>·\u001b[39m\n\u001b[31m                    <Pressable style={styles.settingsBtn} onPress={() => Linking.openSettings()}>·\u001b[39m\n\u001b[31m                        <Ionicons name=\\\"settings-outline\\\" size={18} color=\\\"#fff\\\" />·\u001b[39m\n\u001b[31m                        <AppText variant=\\\"bodyMd\\\" style={styles.settingsBtnText}>Enable in Settings</AppText>·\u001b[39m\n\u001b[31m                    </Pressable>·\u001b[39m\n\u001b[31m                    {isProfileMode && (·\u001b[39m\n\u001b[31m                        <Pressable style={styles.skipLinkBtn} onPress={handleSkip}>·\u001b[39m\n\u001b[31m                            <AppText variant=\\\"bodySm\\\" style={styles.skipLinkText}>Skip for now</AppText>·\u001b[39m\n\u001b[31m                        </Pressable>·\u001b[39m\n\u001b[31m                    )}·\u001b[39m\n\u001b[31m                </View>·\u001b[39m\n\u001b[31m            </View>·\u001b[39m\n\u001b[31m        );·\u001b[39m\n\u001b[31m    }···\u001b[39m\n\u001b[31m    // ── Loading screen ─────────────────────────────────────────────────────────·\u001b[39m\n\u001b[31m    if (initialPos === null) {·\u001b[39m\n\u001b[31m        return (·\u001b[39m\n\u001b[31m            <View style={[styles.root, styles.centred]}>·\u001b[39m\n\u001b[31m                <StatusBar barStyle=\\\"dark-content\\\" />·\u001b[39m\n\u001b[31m                <Ionicons name=\\\"locate-outline\\\" size={44} color={theme.primary.green} />·\u001b[39m\n\u001b[31m                <AppText variant=\\\"bodyMd\\\" style={styles.loadingText}>Finding your location…</AppText>·\u001b[39m\n\u001b[31m            </View>·\u001b[39m\n\u001b[31m        );·\u001b[39m\n\u001b[31m    }···\u001b[39m\n\u001b[31m    // ── Full-screen map ────────────────────────────────────────────────────────·\u001b[39m\n\u001b[31m    return (·\u001b[39m\n\u001b[31m        <View style={styles.root}>·\u001b[39m\n\u001b[31m            <StatusBar barStyle=\\\"dark-content\\\" translucent backgroundColor=\\\"transparent\\\" />···\u001b[39m\n\u001b[31m            <MapView·\u001b[39m\n\u001b[31m                ref={mapRef}·\u001b[39m\n\u001b[31m                provider={PROVIDER_GOOGLE}·\u001b[39m\n\u001b[31m                style={StyleSheet.absoluteFillObject}·\u001b[39m\n\u001b[31m                initialRegion={{·\u001b[39m\n\u001b[31m                    latitude: initialPos.lat,·\u001b[39m\n\u001b[31m                    longitude: initialPos.lng,·\u001b[39m\n\u001b[31m                    latitudeDelta: 0.05,·\u001b[39m\n\u001b[31m                    longitudeDelta: 0.05,·\u001b[39m\n\u001b[31m                }}·\u001b[39m\n\u001b[31m                onRegionChangeComplete={({ latitude, longitude }) => {·\u001b[39m\n\u001b[31m                    setPinCoords({ lat: latitude, lng: longitude });·\u001b[39m\n\u001b[31m                    geocodeCoords(latitude, longitude);·\u001b[39m\n\u001b[31m                    setAccuracyCircleVisible(false);·\u001b[39m\n\u001b[31m                }}·\u001b[39m\n\u001b[31m                showsUserLocation·\u001b[39m\n\u001b[31m                showsMyLocationButton={false}·\u001b[39m\n\u001b[31m                showsCompass={false}·\u001b[39m\n\u001b[31m                toolbarEnabled={false}·\u001b[39m\n\u001b[31m            >·\u001b[39m\n\u001b[31m                {accuracyCircleVisible && pinCoords && (·\u001b[39m\n\u001b[31m                    <Circle·\u001b[39m\n\u001b[31m                        center={{ latitude: pinCoords.lat, longitude: pinCoords.lng }}·\u001b[39m\n\u001b[31m                        radius={gpsAccuracy}·\u001b[39m\n\u001b[31m                        strokeColor={theme.primary.green}·\u001b[39m\n\u001b[31m                        fillColor=\\\"rgba(56,102,65,0.12)\\\"·\u001b[39m\n\u001b[31m                        strokeWidth={1.5}·\u001b[39m\n\u001b[31m                    />·\u001b[39m\n\u001b[31m                )}·\u001b[39m\n\u001b[31m            </MapView>···\u001b[39m\n\u001b[31m            {/* Centre crosshair pin */}·\u001b[39m\n\u001b[31m            <View style={styles.centrePin} pointerEvents=\\\"none\\\">·\u001b[39m\n\u001b[31m                <View style={styles.pinHead} />·\u001b[39m\n\u001b[31m                <View style={styles.pinStem} />·\u001b[39m\n\u001b[31m                <View style={styles.pinDot} />·\u001b[39m\n\u001b[31m            </View>···\u001b[39m\n\u001b[31m            {/* ── Top overlay: progress bar + search ──────────────────────── */}·\u001b[39m\n\u001b[31m            <View style={styles.topOverlay} pointerEvents=\\\"box-none\\\">·\u001b[39m\n\u001b[31m                <View style={styles.progressTrack}>·\u001b[39m\n\u001b[31m                    <View style={[styles.progressFill, { width: \\\"50%\\\" }]} />·\u001b[39m\n\u001b[31m                </View>···\u001b[39m\n\u001b[31m                {/* ── Current GPS Tag ── */}·\u001b[39m\n\u001b[31m                {gpsStatus === \\\"acquired\\\" && initialPos && (·\u001b[39m\n\u001b[31m                    <View style={{ flexDirection: \\\"row\\\", alignItems: \\\"center\\\", backgroundColor: \\\"rgba(255,255,255,0.95)\\\", alignSelf: \\\"flex-start\\\", paddingHorizontal: 12, paddingVertical: 6, borderRadius: 20, marginBottom: 12, shadowColor: \\\"#000\\\", shadowOpacity:
[...]
":null,"numPassingAsserts":2,"retryReasons":[],"startAt":1777287985263,"status":"passed","title":"filtering by mobile number returns only matching farmers"},{"ancestorTitles":["filterFarmers"],"duration":1,"failing":false,"failureDetails":[],"failureMessages":[],"fullName":"filterFarmers an empty query returns all farmers","invocations":1,"location":null,"numPassingAsserts":1,"retryReasons":[],"startAt":1777287985264,"status":"passed","title":"an empty query returns all farmers"},{"ancestorTitles":["filterFarmers"],"duration":1,"failing":false,"failureDetails":[],"failureMessages":[],"fullName":"filterFarmers a whitespace-only query returns all farmers","invocations":1,"location":null,"numPassingAsserts":1,"retryReasons":[],"startAt":1777287985265,"status":"passed","title":"a whitespace-only query returns all farmers"},{"ancestorTitles":["filterFarmers"],"duration":1,"failing":false,"failureDetails":[],"failureMessages":[],"fullName":"filterFarmers a query that matches no farmers returns an empty array","invocations":1,"location":null,"numPassingAsserts":1,"retryReasons":[],"startAt":1777287985267,"status":"passed","title":"a query that matches no farmers returns an empty array"},{"ancestorTitles":["filterFarmers"],"duration":2,"failing":false,"failureDetails":[],"failureMessages":[],"fullName":"filterFarmers filtering is case-insensitive for names","invocations":1,"location":null,"numPassingAsserts":3,"retryReasons":[],"startAt":1777287985268,"status":"passed","title":"filtering is case-insensitive for names"}],"endTime":1777287985272,"message":"","name":"D:\\Internship\\Tanak-Prabha\\Client\\src\\__tests__\\beneficiaries.test.ts","startTime":1777287985188,"status":"passed","summary":""},{"assertionResults":[{"ancestorTitles":["Bug 3 Preservation — Map pin drag and confirm flow unchanged","Property 1: onRegionChangeComplete updates pin coords and geocodes address"],"duration":1,"failing":false,"failureDetails":[],"failureMessages":[],"fullName":"Bug 3 Preservation — Map pin drag and confirm flow unchanged Property 1: onRegionChangeComplete updates pin coords and geocodes address onRegionChangeComplete handler is present in MapView","invocations":1,"location":null,"numPassingAsserts":1,"retryReasons":[],"startAt":1777287985342,"status":"passed","title":"onRegionChangeComplete handler is present in MapView"},{"ancestorTitles":["Bug 3 Preservation — Map pin drag and confirm flow unchanged","Property 1: onRegionChangeComplete updates pin coords and geocodes address"],"duration":1,"failing":false,"failureDetails":[],"failureMessages":[],"fullName":"Bug 3 Preservation — Map pin drag and confirm flow unchanged Property 1: onRegionChangeComplete updates pin coords and geocodes address onRegionChangeComplete calls setPinCoords","invocations":1,"location":null,"numPassingAsserts":1,"retryReasons":[],"startAt":1777287985344,"status":"passed","title":"onRegionChangeComplete calls setPinCoords"},{"ancestorTitles":["Bug 3 Preservation — Map pin drag and confirm flow unchanged","Property 1: onRegionChangeComplete updates pin coords and geocodes address"],"duration":1,"failing":false,"failureDetails":[],"failureMessages":[],"fullName":"Bug 3 Preservation — Map pin drag and confirm flow unchanged Property 1: onRegionChangeComplete updates pin coords and geocodes address onRegionChangeComplete calls geocodeCoords","invocations":1,"location":null,"numPassingAsserts":1,"retryReasons":[],"startAt":1777287985345,"status":"passed","title":"onRegionChangeComplete calls geocodeCoords"},{"ancestorTitles":["Bug 3 Preservation — Map pin drag and confirm flow unchanged","Property 2: Confirm Location button is still present and functional"],"duration":1,"failing":false,"failureDetails":[],"failureMessages":[],"fullName":"Bug 3 Preservation — Map pin drag and confirm flow unchanged Property 2: Confirm Location button is still present and functional \"Confirm Location\" button text is present","invocations":1,"location":null,"numPassingAsserts":1,"retryReasons":[],"startAt":1777287985347,"status":"passed","title":"\"Confirm Location\" button text is present"},{"ancestorTitles":["Bug 3 Preservation — Map pin drag and confirm flow unchanged","Property 2: Confirm Location button is still present and functional"],"duration":1,"failing":false,"failureDetails":[],"failureMessages":[],"fullName":"Bug 3 Preservation — Map pin drag and confirm flow unchanged Property 2: Confirm Location button is still present and functional handleConfirm function is defined","invocations":1,"location":null,"numPassingAsserts":1,"retryReasons":[],"startAt":1777287985349,"status":"passed","title":"handleConfirm function is defined"},{"ancestorTitles":["Bug 3 Preservation — Map pin drag and confirm flow unchanged","Property 2: Confirm Location button is still present and functional"],"duration":1,"failing":false,"failureDetails":[],"failureMessages":[],"fullName":"Bug 3 Preservation — Map pin drag and confirm flow unchanged Property 2: Confirm Location button is still present and functional Confirm button calls handleConfirm on press","invocations":1,"location":null,"numPassingAsserts":1,"retryReasons":[],"startAt":1777287985351,"status":"passed","title":"Confirm button calls handleConfirm on press"},{"ancestorTitles":["Bug 3 Preservation — Map pin drag and confirm flow unchanged","Property 3: Centre crosshair map pin is still rendered"],"duration":0,"failing":false,"failureDetails":[],"failureMessages":[],"fullName":"Bug 3 Preservation — Map pin drag and confirm flow unchanged Property 3: Centre crosshair map pin is still rendered centrePin style is defined","invocations":1,"location":null,"numPassingAsserts":1,"retryReasons":[],"startAt":1777287985353,"status":"passed","title":"centrePin style is defined"},{"ancestorTitles":["Bug 3 Preservation — Map pin drag and confirm flow unchanged","Property 3: Centre crosshair map pin is still rendered"],"duration":1,"failing":false,"failureDetails":[],"failureMessages":[],"fullName":"Bug 3 Preservation — Map pin drag and confirm flow unchanged Property 3: Centre crosshair map pin is still rendered pinHead style is defined","invocations":1,"location":null,"numPassingAsserts":1,"retryReasons":[],"startAt":1777287985354,"status":"passed","title":"pinHead style is defined"},{"ancestorTitles":["Bug 3 Preservation — Map pin drag and confirm flow unchanged","Property 3: Centre crosshair map pin is still rendered"],"duration":1,"failing":false,"failureDetails":[],"failureMessages":[],"fullName":"Bug 3 Preservation — Map pin drag and confirm flow unchanged Property 3: Centre crosshair map pin is still rendered pinStem style is defined","invocations":1,"location":null,"numPassingAsserts":1,"retryReasons":[],"startAt":1777287985355,"status":"passed","title":"pinStem style is defined"},{"ancestorTitles":["Bug 3 Preservation — Map pin drag and confirm flow unchanged","Property 4: doConfirm function saves location and navigates"],"duration":1,"failing":false,"failureDetails":[],"failureMessages":[],"fullName":"Bug 3 Preservation — Map pin drag and confirm flow unchanged Property 4: doConfirm function saves location and navigates doConfirm function is defined","invocations":1,"location":null,"numPassingAsserts":1,"retryReasons":[],"startAt":1777287985357,"status":"passed","title":"doConfirm function is defined"},{"ancestorTitles":["Bug 3 Preservation — Map pin drag and confirm flow unchanged","Property 4: doConfirm function saves location and navigates"],"duration":1,"failing":false,"failureDetails":[],"failureMessages":[],"fullName":"Bug 3 Preservation — Map pin drag and confirm flow unchanged Property 4: doConfirm function saves location and navigates doConfirm calls setLocationData for onboarding flow","invocations":1,"location":null,"numPassingAsserts":1,"retryReasons":[],"startAt":1777287985359,"status":"passed","title":"doConfirm calls setLocationData for onboarding flow"}],"endTime":1777287985362,"message":"","name":"D:\\Internship\\Tanak-Prabha\\Client\\src\\__tests__\\bug3-reset-position-button-preservation.test.ts","startTime":1777287985277,"status":"passed","summary":""},{"assertionResults":[{"ancestorTitles":["Bug 7 — Livestock Translation Keys (preservation — must pass on unfixed code)"],"duration":1,"failing":false,"failureDetails":[],"failureMessages":[],"fullName":"Bug 7 — Livestock Translation Keys (preservation — must pass on unfixed code) T.translate(\"livestockDetails.cow\") should return \"Cow\"","invocations":1,"location":null,"numPassingAsserts":1,"retryReasons":[],"startAt":1777287985446,"status":"passed","title":"T.translate(\"livestockDetails.cow\") should return \"Cow\""},{"ancestorTitles":["Bug 7 — Livestock Translation Keys (preservation — must pass on unfixed code)"],"duration":1,"failing":false,"failureDetails":[],"failureMessages":[],"fullName":"Bug 7 — Livestock Translation Keys (preservation — must pass on unfixed code) T.translate(\"livestockDetails.buffalo\") should return \"Buffalo\"","invocations":1,"location":null,"numPassingAsserts":1,"retryReasons":[],"startAt":1777287985448,"status":"passed","title":"T.translate(\"livestockDetails.buffalo\") should return \"Buffalo\""},{"ancestorTitles":["Bug 7 — Livestock Translation Keys (preservation — must pass on unfixed code)"],"duration":1,"failing":false,"failureDetails":[],"failureMessages":[],"fullName":"Bug 7 — Livestock Translation Keys (preservation — must pass on unfixed code) T.translate(\"livestockDetails.sheep\") should return \"Sheep\"","invocations":1,"location":null,"numPassingAsserts":1,"retryReasons":[],"startAt":1777287985450,"status":"passed","title":"T.translate(\"livestockDetails.sheep\") should return \"Sheep\""},{"ancestorTitles":["Bug 7 — Livestock Translation Keys (preservation — must pass on unfixed code)"],"duration":1,"failing":false,"failureDetails":[],"failureMessages":[],"fullName":"Bug 7 — Livestock Translation Keys (preservation — must pass on unfixed code) T.translate(\"livestockDetails.goat\") should return \"Goat\"","invocations":1,"location":null,"numPassingAsserts":1,"retryReasons":[],"startAt":1777287985451,"status":"passed","title":"T.translate(\"livestockDetails.goat\") should return \"Goat\""},{"ancestorTitles":["Bug 7 — Livestock Translation Keys (preservation — must pass on unfixed code)"],"duration":1,"failing":false,"failureDetails":[],"failureMessages":[],"fullName":"Bug 7 — Livestock Translation Keys (preservation — must pass on unfixed code) T.translate(\"livestockDetails.hen\") should return \"Hen / Poultry\"","invocations":1,"location":null,"numPassingAsserts":1,"retryReasons":[],"startAt":1777287985453,"status":"passed","title":"T.translate(\"livestockDetails.hen\") should return \"Hen / Poultry\""},{"ancestorTitles":["Bug 7 — Livestock Translation Keys (preservation — must pass on unfixed code)"],"duration":1,"failing":false,"failureDetails":[],"failureMessages":[],"fullName":"Bug 7 — Livestock Translation Keys (preservation — must pass on unfixed code) T.translate(\"livestockDetails.others\") should return \"Others\"","invocations":1,"location":null,"numPassingAsserts":1,"retryReasons":[],"startAt":1777287985455,"status":"passed","title":"T.translate(\"livestockDetails.others\") should return \"Others\""}],"endTime":1777287985457,"message":"","name":"D:\\Internship\\Tanak-Prabha\\Client\\src\\__tests__\\bug7-livestock-translation-preservation.test.ts","startTime":1777287985368,"status":"passed","summary":""},{"assertionResults":[{"ancestorTitles":["Bug 13 — GPS Navigation (exploration — expected to fail on unfixed code)","GPS button router.push argument (FIXED code)"],"duration":1,"failing":false,"failureDetails":[],"failureMessages":[],"fullName":"Bug 13 — GPS Navigation (exploration — expected to fail on unfixed code) GPS button router.push argument (FIXED code) router.push should be called with pathname '/(auth)/location-picker'","invocations":1,"location":null,"numPassingAsserts":1,"retryReasons":[],"startAt":1777287985542,"status":"passed","title":"router.push should be called with pathname '/(auth)/location-picker'"},{"ancestorTitles":["Bug 13 — GPS Navigation (exploration — expected to fail on unfixed code)","GPS button router.push argument (FIXED code)"],"duration":3,"failing":false,"failureDetails":[],"failureMessages":[],"fullName":"Bug 13 — GPS Navigation (exploration — expected to fail on unfixed code) GPS button router.push argument (FIXED code) router.push should navigate to map picker (not admin panel)","invocations":1,"location":null,"numPassingAsserts":1,"retryReasons":[],"startAt":1777287985544,"status":"passed","title":"router.push should navigate to map picker (not admin panel)"},{"ancestorTitles":["Bug 13 — GPS Navigation (exploration — expected to fail on unfixed code)","GPS button router.push argument (FIXED code)"],"duration":1,"failing":false,"failureDetails":[],"failureMessages":[],"fullName":"Bug 13 — GPS Navigation (exploration — expected to fail on unfixed code) GPS button router.push argument (FIXED code) router.push should include purpose param 'event-location'","invocations":1,"location":null,"numPassingAsserts":1,"retryReasons":[],"startAt":1777287985548,"status":"passed","title":"router.push should include purpose param 'event-location'"},{"ancestorTitles":["Bug 13 — GPS Navigation (exploration — expected to fail on unfixed code)","GPS button router.push argument (FIXED code — additional assertions)"],"duration":0,"failing":false,"failureDetails":[],"failureMessages":[],"fullName":"Bug 13 — GPS Navigation (exploration — expected to fail on unfixed code) GPS button router.push argument (FIXED code — additional assertions) fixed handler uses absolute path '/(auth)/location-picker'","invocations":1,"location":null,"numPassingAsserts":1,"retryReasons":[],"startAt":1777287985550,"status":"passed","title":"fixed handler uses absolute path '/(auth)/location-picker'"},{"ancestorTitles":["Bug 13 — GPS Navigation (exploration — expected to fail on unfixed code)","GPS button router.push argument (FIXED code — additional assertions)"],"duration":1,"failing":false,"failureDetails":[],"failureMessages":[],"fullName":"Bug 13 — GPS Navigation (exploration — expected to fail on unfixed code) GPS button router.push argument (FIXED code — additional assertions) fixed handler navigates to map picker","invocations":1,"location":null,"numPassingAsserts":1,"retryReasons":[],"startAt":1777287985551,"status":"passed","title":"fixed handler navigates to map picker"},{"ancestorTitles":["Bug 13 — GPS Navigation (exploration — expected to fail on unfixed code)","GPS button router.push argument (FIXED code — additional assertions)"],"duration":0,"failing":false,"failureDetails":[],"failureMessages":[],"fullName":"Bug 13 — GPS Navigation (exploration — expected to fail on unfixed code) GPS button router.push argument (FIXED code — additional assertions) fixed handler includes purpose param 'event-location'","invocations":1,"location":null,"numPassingAsserts":1,"retryReasons":[],"startAt":1777287985553,"status":"passed","title":"fixed handler includes purpose param 'event-location'"},{"ancestorTitles":["Bug 13 — GPS Navigation (exploration — expected to fail on unfixed code)","path resolution analysis"],"duration":1,"failing":false,"failureDetails":[],"failureMessages":[],"fullName":"Bug 13 — GPS Navigation (exploration — expected to fail on unfixed code) path resolution analysis '/location-picker' is NOT the absolute path to the map picker","invocations":1,"location":null,"numPassingAsserts":1,"retryReasons":[],"startAt":1777287985554,"status":"passed","title":"'/location-picker' is NOT the absolute path to the map picker"},{"ancestorTitles":["Bug 13 — GPS Navigation (exploration — expected to fail on unfixed code)","path resolution analysis"],"duration":1,"failing":false,"failureDetails":[],"failureMessages":[],"fullName":"Bug 13 — GPS Navigation (exploration — expected to fail on unfixed code) path resolution analysis '/(auth)/location-picker' is the correct absolute path to the map picker","invocations":1,"location":null,"numPassingAsserts":1,"retryReasons":[],"startAt":1777287985555,"status":"passed","title":"'/(auth)/location-picker' is the correct absolute path to the map picker"}],"endTime":1777287985558,"message":"","name":"D:\\Internship\\Tanak-Prabha\\Client\\src\\__tests__\\bug13-gps-navigation-exploration.test.ts","startTime":1777287985462,"status":"passed","summary":""},{"assertionResults":[{"ancestorTitles":["Bug 6 — Preservation: single livestock entry has no remove control"],"duration":2,"failing":false,"failureDetails":[],"failureMessages":[],"fullName":"Bug 6 — Preservation: single livestock entry has no remove control guards the remove button with livestockEntries.length > 1","invocations":1,"location":null,"numPassingAsserts":1,"retryReasons":[],"startAt":1777287985647,"status":"passed","title":"guards the remove button with livestockEntries.length > 1"},{"ancestorTitles":["Bug 6 — Preservation: single livestock entry has no remove control"],"duration":2,"failing":false,"failureDetails":[],"failureMessages":[],"fullName":"Bug 6 — Preservation: single livestock entry has no remove control remove button (trash-outline icon) is inside the length > 1 guard","invocations":1,"location":null,"numPassingAsserts":2,"retryReasons":[],"startAt":1777287985650,"status":"passed","title":"remove button (trash-outline icon) is inside the length > 1 guard"},{"ancestorTitles":["Bug 6 — Preservation: single livestock entry has no remove control"],"duration":1,"failing":false,"failureDetails":[],"failureMessages":[],"fullName":"Bug 6 — Preservation: single livestock entry has no remove control removeLivestockEntry onPress call is inside the length > 1 guard block","invocations":1,"location":null,"numPassingAsserts":2,"retryReasons":[],"startAt":1777287985653,"status":"passed","title":"removeLivestockEntry onPress call is inside the length > 1 guard block"},{"ancestorTitles":["Bug 6 — Preservation: single livestock entry has no remove control"],"duration":3,"failing":false,"failureDetails":[],"failureMessages":[],"fullName":"Bug 6 — Preservation: single livestock entry has no remove control the accent color and badge do NOT affect the remove button guard logic","invocations":1,"location":null,"numPassingAsserts":2,"retryReasons":[],"startAt":1777287985655,"status":"passed","title":"the accent color and badge do NOT affect the remove button guard logic"}],"endTime":1777287985659,"message":"","name":"D:\\Internship\\Tanak-Prabha\\Client\\src\\__tests__\\bug6-livestock-visual-distinction-preservation.test.ts","startTime":1777287985564,"status":"passed","summary":""},{"assertionResults":[{"ancestorTitles":["Bug 7 — Livestock Translation Keys (exploration — expected to fail on unfixed code)"],"duration":1,"failing":false,"failureDetails":[],"failureMessages":[],"fullName":"Bug 7 — Livestock Translation Keys (exploration — expected to fail on unfixed code) T.translate(\"livestockDetails.pig\") should return \"Pig\", not the raw key","invocations":1,"location":null,"numPassingAsserts":1,"retryReasons":[],"startAt":1777287985727,"status":"passed","title":"T.translate(\"livestockDetails.pig\") should return \"Pig\", not the raw key"},{"ancestorTitles":["Bug 7 — Livestock Translation Keys (exploration — expected to fail on unfixed code)"],"duration":1,"failing":false,"failureDetails":[],"failureMessages":[],"fullName":"Bug 7 — Livestock Translation Keys (exploration — expected to fail on unfixed code) T.translate(\"livestockDetails.poultry\") should return \"Poultry\", not the raw key","invocations":1,"location":null,"numPassingAsserts":1,"retryReasons":[],"startAt":1777287985729,"status":"passed","title":"T.translate(\"livestockDetails.poultry\") should return \"Poultry\", not the raw key"}],"endTime":1777287985732,"message":"","name":"D:\\Internship\\Tanak-Prabha\\Client\\src\\__tests__\\bug7-livestock-translation-exploration.test.ts","startTime":1777287985666,"status":"passed","summary":""}],"wasInterrupted":false}
