{"numFailedTestSuites":0,"numFailedTests":0,"numPassedTestSuites":8,"numPassedTests":85,"numPendingTestSuites":0,"numPendingTests":0,"numRuntimeErrorTestSuites":0,"numTodoTests":0,"numTotalTestSuites":8,"numTotalTests":85,"openHandles":[],"snapshot":{"added":0,"didUpdate":false,"failure":false,"filesAdded":0,"filesRemoved":0,"filesRemovedList":[],"filesUnmatched":0,"filesUpdated":0,"matched":0,"total":0,"unchecked":0,"uncheckedKeysByFile":[],"unmatched":0,"updated":0},"startTime":1777288162077,"success":true,"testResults":[{"assertionResults":[{"ancestorTitles":["Authentication API Tests","POST /api/auth/send-otp"],"duration":165,"failureDetails":[],"failureMessages":[],"fullName":"Authentication API Tests POST /api/auth/send-otp should send OTP successfully with valid phone number","invocations":1,"location":null,"numPassingAsserts":4,"retryReasons":[],"status":"passed","title":"should send OTP successfully with valid phone number"},{"ancestorTitles":["Authentication API Tests","POST /api/auth/send-otp"],"duration":23,"failureDetails":[],"failureMessages":[],"fullName":"Authentication API Tests POST /api/auth/send-otp should return 409 and NOT send OTP for already-registered phone number","invocations":1,"location":null,"numPassingAsserts":4,"retryReasons":[],"status":"passed","title":"should return 409 and NOT send OTP for already-registered phone number"},{"ancestorTitles":["Authentication API Tests","POST /api/auth/send-otp"],"duration":26,"failureDetails":[],"failureMessages":[],"fullName":"Authentication API Tests POST /api/auth/send-otp should send OTP for phone number with incomplete registration (New User placeholder)","invocations":1,"location":null,"numPassingAsserts":2,"retryReasons":[],"status":"passed","title":"should send OTP for phone number with incomplete registration (New User placeholder)"},{"ancestorTitles":["Authentication API Tests","POST /api/auth/send-otp"],"duration":20,"failureDetails":[],"failureMessages":[],"fullName":"Authentication API Tests POST /api/auth/send-otp should reject invalid phone number","invocations":1,"location":null,"numPassingAsserts":1,"retryReasons":[],"status":"passed","title":"should reject invalid phone number"},{"ancestorTitles":["Authentication API Tests","POST /api/auth/send-otp"],"duration":71,"failureDetails":[],"failureMessages":[],"fullName":"Authentication API Tests POST /api/auth/send-otp should reject missing phone number","invocations":1,"location":null,"numPassingAsserts":2,"retryReasons":[],"status":"passed","title":"should reject missing phone number"},{"ancestorTitles":["Authentication API Tests","POST /api/auth/verify-otp"],"duration":40,"failureDetails":[],"failureMessages":[],"fullName":"Authentication API Tests POST /api/auth/verify-otp should verify OTP and return token for new user","invocations":1,"location":null,"numPassingAsserts":5,"retryReasons":[],"status":"passed","title":"should verify OTP and return token for new user"},{"ancestorTitles":["Authentication API Tests","POST /api/auth/verify-otp"],"duration":26,"failureDetails":[],"failureMessages":[],"fullName":"Authentication API Tests POST /api/auth/verify-otp should verify OTP and return token for existing user","invocations":1,"location":null,"numPassingAsserts":3,"retryReasons":[],"status":"passed","title":"should verify OTP and return token for existing user"},{"ancestorTitles":["Authentication API Tests","POST /api/auth/verify-otp"],"duration":28,"failureDetails":[],"failureMessages":[],"fullName":"Authentication API Tests POST /api/auth/verify-otp should reject invalid OTP","invocations":1,"location":null,"numPassingAsserts":3,"retryReasons":[],"status":"passed","title":"should reject invalid OTP"},{"ancestorTitles":["Authentication API Tests","POST /api/auth/verify-otp"],"duration":27,"failureDetails":[],"failureMessages":[],"fullName":"Authentication API Tests POST /api/auth/verify-otp should reject expired OTP","invocations":1,"location":null,"numPassingAsserts":2,"retryReasons":[],"status":"passed","title":"should reject expired OTP"},{"ancestorTitles":["Authentication API Tests","POST /api/auth/verify-otp"],"duration":20,"failureDetails":[],"failureMessages":[],"fullName":"Authentication API Tests POST /api/auth/verify-otp should reject missing OTP","invocations":1,"location":null,"numPassingAsserts":1,"retryReasons":[],"status":"passed","title":"should reject missing OTP"},{"ancestorTitles":["Authentication API Tests","POST /api/auth/verify-otp"],"duration":21,"failureDetails":[],"failureMessages":[],"fullName":"Authentication API Tests POST /api/auth/verify-otp should reject missing mobile number","invocations":1,"location":null,"numPassingAsserts":1,"retryReasons":[],"status":"passed","title":"should reject missing mobile number"},{"ancestorTitles":["Authentication API Tests","POST /api/auth/resend-otp"],"duration":18,"failureDetails":[],"failureMessages":[],"fullName":"Authentication API Tests POST /api/auth/resend-otp should resend OTP successfully","invocations":1,"location":null,"numPassingAsserts":2,"retryReasons":[],"status":"passed","title":"should resend OTP successfully"},{"ancestorTitles":["Authentication API Tests","POST /api/auth/resend-otp"],"duration":16,"failureDetails":[],"failureMessages":[],"fullName":"Authentication API Tests POST /api/auth/resend-otp should resend OTP successfully even if a recent OTP exists (rate limit disabled for testing)","invocations":1,"location":null,"numPassingAsserts":1,"retryReasons":[],"status":"passed","title":"should resend OTP successfully even if a recent OTP exists (rate limit disabled for testing)"},{"ancestorTitles":["Authentication API Tests","GET /api/auth/verify-token"],"duration":38,"failureDetails":[],"failureMessages":[],"fullName":"Authentication API Tests GET /api/auth/verify-token should reject missing token","invocations":1,"location":null,"numPassingAsserts":2,"retryReasons":[],"status":"passed","title":"should reject missing token"},{"ancestorTitles":["Authentication API Tests","GET /api/auth/verify-token"],"duration":31,"failureDetails":[],"failureMessages":[],"fullName":"Authentication API Tests GET /api/auth/verify-token should reject invalid token format","invocations":1,"location":null,"numPassingAsserts":2,"retryReasons":[],"status":"passed","title":"should reject invalid token format"}],"endTime":1777288164453,"message":"","name":"D:\\Internship\\Tanak-Prabha\\Server\\backend\\tests\\auth.test.js","startTime":1777288162212,"status":"passed","summary":""},{"assertionResults":[{"ancestorTitles":["Bug 1 — getLivestockStatistics returns per-farmer data"],"duration":55,"failureDetails":[],"failureMessages":[],"fullName":"Bug 1 — getLivestockStatistics returns per-farmer data response.data.farmers is a non-empty array","invocations":1,"location":null,"numPassingAsserts":3,"retryReasons":[],"status":"passed","title":"response.data.farmers is a non-empty array"},{"ancestorTitles":["Bug 1 — getLivestockStatistics returns per-farmer data"],"duration":18,"failureDetails":[],"failureMessages":[],"fullName":"Bug 1 — getLivestockStatistics returns per-farmer data each farmer has lat and lng fields","invocations":1,"location":null,"numPassingAsserts":4,"retryReasons":[],"status":"passed","title":"each farmer has lat and lng fields"},{"ancestorTitles":["Bug 1 — getLivestockStatistics returns per-farmer data"],"duration":23,"failureDetails":[],"failureMessages":[],"fullName":"Bug 1 — getLivestockStatistics returns per-farmer data response.data.statistics is still present (preservation)","invocations":1,"location":null,"numPassingAsserts":2,"retryReasons":[],"status":"passed","title":"response.data.statistics is still present (preservation)"},{"ancestorTitles":["Bug 2 — authMiddleware startup warning"],"duration":4,"failureDetails":[],"failureMessages":[],"fullName":"Bug 2 — authMiddleware startup warning console.warn is called when DASHBOARD_API_KEY env var is absent","invocations":1,"location":null,"numPassingAsserts":1,"retryReasons":[],"status":"passed","title":"console.warn is called when DASHBOARD_API_KEY env var is absent"},{"ancestorTitles":["Bug 2 — authMiddleware startup warning"],"duration":24,"failureDetails":[],"failureMessages":[],"fullName":"Bug 2 — authMiddleware startup warning valid API key request still authenticates (preservation)","invocations":1,"location":null,"numPassingAsserts":1,"retryReasons":[],"status":"passed","title":"valid API key request still authenticates (preservation)"},{"ancestorTitles":["Bug 2 — authMiddleware startup warning"],"duration":17,"failureDetails":[],"failureMessages":[],"fullName":"Bug 2 — authMiddleware startup warning request with no credentials returns 401 (preservation)","invocations":1,"location":null,"numPassingAsserts":1,"retryReasons":[],"status":"passed","title":"request with no credentials returns 401 (preservation)"},{"ancestorTitles":["Bug 3 — Broadcast recipient count field"],"duration":2,"failureDetails":[],"failureMessages":[],"fullName":"Bug 3 — Broadcast recipient count field reads db_count when present","invocations":1,"location":null,"numPassingAsserts":1,"retryReasons":[],"status":"passed","title":"reads db_count when present"},{"ancestorTitles":["Bug 3 — Broadcast recipient count field"],"duration":1,"failureDetails":[],"failureMessages":[],"fullName":"Bug 3 — Broadcast recipient count field falls back to push_count when db_count is absent","invocations":1,"location":null,"numPassingAsserts":1,"retryReasons":[],"status":"passed","title":"falls back to push_count when db_count is absent"},{"ancestorTitles":["Bug 3 — Broadcast recipient count field"],"duration":2,"failureDetails":[],"failureMessages":[],"fullName":"Bug 3 — Broadcast recipient count field returns 0 when neither field is present (not sent_count)","invocations":1,"location":null,"numPassingAsserts":1,"retryReasons":[],"status":"passed","title":"returns 0 when neither field is present (not sent_count)"},{"ancestorTitles":["Bug 3 — Broadcast recipient count field"],"duration":1,"failureDetails":[],"failureMessages":[],"fullName":"Bug 3 — Broadcast recipient count field returns 0 for empty response data","invocations":1,"location":null,"numPassingAsserts":1,"retryReasons":[],"status":"passed","title":"returns 0 for empty response data"},{"ancestorTitles":["Bug 4 — ARIA attributes in dashboard source files"],"duration":2,"failureDetails":[],"failureMessages":[],"fullName":"Bug 4 — ARIA attributes in dashboard source files SidebarTrigger has aria-label=\"Toggle sidebar\"","invocations":1,"location":null,"numPassingAsserts":1,"retryReasons":[],"status":"passed","title":"SidebarTrigger has aria-label=\"Toggle sidebar\""},{"ancestorTitles":["Bug 4 — ARIA attributes in dashboard source files"],"duration":3,"failureDetails":[],"failureMessages":[],"fullName":"Bug 4 — ARIA attributes in dashboard source files LivestockHeatMap filter buttons have aria-pressed","invocations":1,"location":null,"numPassingAsserts":1,"retryReasons":[],"status":"passed","title":"LivestockHeatMap filter buttons have aria-pressed"},{"ancestorTitles":["Bug 4 — ARIA attributes in dashboard source files"],"duration":2,"failureDetails":[],"failureMessages":[],"fullName":"Bug 4 — ARIA attributes in dashboard source files MapContainer has aria-label","invocations":1,"location":null,"numPassingAsserts":1,"retryReasons":[],"status":"passed","title":"MapContainer has aria-label"},{"ancestorTitles":["Bug 4 — ARIA attributes in dashboard source files"],"duration":2,"failureDetails":[],"failureMessages":[],"fullName":"Bug 4 — ARIA attributes in dashboard source files Skeleton container has role=\"status\"","invocations":1,"location":null,"numPassingAsserts":1,"retryReasons":[],"status":"passed","title":"Skeleton container has role=\"status\""},{"ancestorTitles":["Bug 4 — ARIA attributes in dashboard source files"],"duration":3,"failureDetails":[],"failureMessages":[],"fullName":"Bug 4 — ARIA attributes in dashboard source files Notification Type Select has id=\"broadcast-type\"","invocations":1,"location":null,"numPassingAsserts":1,"retryReasons":[],"status":"passed","title":"Notification Type Select has id=\"broadcast-type\""},{"ancestorTitles":["Bug 4 — ARIA attributes in dashboard source files"],"duration":2,"failureDetails":[],"failureMessages":[],"fullName":"Bug 4 — ARIA attributes in dashboard source files Target Audience Select has id=\"broadcast-district\"","invocations":1,"location":null,"numPassingAsserts":1,"retryReasons":[],"status":"passed","title":"Target Audience Select has id=\"broadcast-district\""},{"ancestorTitles":["Bug 4 — ARIA attributes in dashboard source files"],"duration":2,"failureDetails":[],"failureMessages":[],"fullName":"Bug 4 — ARIA attributes in dashboard source files Labels have htmlFor associations","invocations":1,"location":null,"numPassingAsserts":2,"retryReasons":[],"status":"passed","title":"Labels have htmlFor associations"}],"endTime":1777288165260,"message":"","name":"D:\\Internship\\Tanak-Prabha\\Server\\backend\\tests\\dashboard-bug-fixes.test.js","startTime":1777288164478,"status":"passed","summary":""},{"assertionResults":[{"ancestorTitles":["POST /events/:id/attendance — QR token validation"],"duration":57,"failureDetails":[],"failureMessages":[],"fullName":"POST /events/:id/attendance — QR token validation returns 401 when token is expired","invocations":1,"location":null,"numPassingAsserts":2,"retryReasons":[],"status":"passed","title":"returns 401 when token is expired"},{"ancestorTitles":["POST /events/:id/attendance — QR token validation"],"duration":25,"failureDetails":[],"failureMessages":[],"fullName":"POST /events/:id/attendance — QR token validation returns 401 when token signature is invalid","invocations":1,"location":null,"numPassingAsserts":2,"retryReasons":[],"status":"passed","title":"returns 401 when token signature is invalid"},{"ancestorTitles":["POST /events/:id/attendance — QR token validation"],"duration":16,"failureDetails":[],"failureMessages":[],"fullName":"POST /events/:id/attendance — QR token validation returns 401 when token eventId does not match route :id","invocations":1,"location":null,"numPassingAsserts":2,"retryReasons":[],"status":"passed","title":"returns 401 when token eventId does not match route :id"},{"ancestorTitles":["POST /events/:id/attendance — QR token validation"],"duration":26,"failureDetails":[],"failureMessages":[],"fullName":"POST /events/:id/attendance — QR token validation returns 401 when token purpose is not attendance-qr","invocations":1,"location":null,"numPassingAsserts":1,"retryReasons":[],"status":"passed","title":"returns 401 when token purpose is not attendance-qr"},{"ancestorTitles":["POST /events/:id/attendance — QR token validation"],"duration":32,"failureDetails":[],"failureMessages":[],"fullName":"POST /events/:id/attendance — QR token validation returns 409 when user has already attended","invocations":1,"location":null,"numPassingAsserts":2,"retryReasons":[],"status":"passed","title":"returns 409 when user has already attended"},{"ancestorTitles":["POST /events/:id/attendance — QR token validation"],"duration":25,"failureDetails":[],"failureMessages":[],"fullName":"POST /events/:id/attendance — QR token validation returns 200 and marks attendance for a valid token","invocations":1,"location":null,"numPassingAsserts":4,"retryReasons":[],"status":"passed","title":"returns 200 and marks attendance for a valid token"},{"ancestorTitles":["POST /events/:id/attendance — QR token validation"],"duration":17,"failureDetails":[],"failureMessages":[],"fullName":"POST /events/:id/attendance — QR token validation enriches participant with user data when user is found by mobile","invocations":1,"location":null,"numPassingAsserts":2,"retryReasons":[],"status":"passed","title":"enriches participant with user data when user is found by mobile"},{"ancestorTitles":["POST /events/:id/attendance — QR token validation"],"duration":27,"failureDetails":[],"failureMessages":[],"fullName":"POST /events/:id/attendance — QR token validation admin flow without token still marks attendance (backward compatible)","invocations":1,"location":null,"numPassingAsserts":3,"retryReasons":[],"status":"passed","title":"admin flow without token still marks attendance (backward compatible)"},{"ancestorTitles":["POST /events/:id/attendance — QR token validation"],"duration":31,"failureDetails":[],"failureMessages":[],"fullName":"POST /events/:id/attendance — QR token validation admin flow registers participant when not found, then marks attended","invocations":1,"location":null,"numPassingAsserts":2,"retryReasons":[],"status":"passed","title":"admin flow registers participant when not found, then marks attended"}],"endTime":1777288166107,"message":"","name":"D:\\Internship\\Tanak-Prabha\\Server\\backend\\tests\\attendance.test.js","startTime":1777288165281,"status":"passed","summary":""},{"assertionResults":[{"ancestorTitles":["Bug 1 — Scheme CRUD Routes: Preservation Property Tests"],"duration":49,"failureDetails":[],"failureMessages":[],"fullName":"Bug 1 — Scheme CRUD Routes: Preservation Property Tests GET /api/schemes should return 200 with scheme list","invocations":1,"location":null,"numPassingAsserts":5,"retryReasons":[],"status":"passed","title":"GET /api/schemes should return 200 with scheme list"},{"ancestorTitles":["Bug 1 — Scheme CRUD Routes: Preservation Property Tests"],"duration":32,"failureDetails":[],"failureMessages":[],"fullName":"Bug 1 — Scheme CRUD Routes: Preservation Property Tests GET /api/schemes/:id should return 200 for a valid scheme ID","invocations":1,"location":null,"numPassingAsserts":4,"retryReasons":[],"status":"passed","title":"GET /api/schemes/:id should return 200 for a valid scheme ID"},{"ancestorTitles":["Bug 1 — Scheme CRUD Routes: Preservation Property Tests"],"duration":24,"failureDetails":[],"failureMessages":[],"fullName":"Bug 1 — Scheme CRUD Routes: Preservation Property Tests GET /api/schemes/:id should return 404 for a non-existent scheme ID","invocations":1,"location":null,"numPassingAsserts":2,"retryReasons":[],"status":"passed","title":"GET /api/schemes/:id should return 404 for a non-existent scheme ID"},{"ancestorTitles":["Bug 1 — Scheme CRUD Routes: Preservation Property Tests"],"duration":35,"failureDetails":[],"failureMessages":[],"fullName":"Bug 1 — Scheme CRUD Routes: Preservation Property Tests POST /api/schemes should return 201 when creating a new scheme","invocations":1,"location":null,"numPassingAsserts":3,"retryReasons":[],"status":"passed","title":"POST /api/schemes should return 201 when creating a new scheme"},{"ancestorTitles":["Bug 1 — Scheme CRUD Routes: Preservation Property Tests"],"duration":17,"failureDetails":[],"failureMessages":[],"fullName":"Bug 1 — Scheme CRUD Routes: Preservation Property Tests PUT /api/schemes/:id should return 200 when updating a scheme","invocations":1,"location":null,"numPassingAsserts":3,"retryReasons":[],"status":"passed","title":"PUT /api/schemes/:id should return 200 when updating a scheme"},{"ancestorTitles":["Bug 1 — Scheme CRUD Routes: Preservation Property Tests"],"duration":18,"failureDetails":[],"failureMessages":[],"fullName":"Bug 1 — Scheme CRUD Routes: Preservation Property Tests DELETE /api/schemes/:id should return 200 when deleting a scheme","invocations":1,"location":null,"numPassingAsserts":2,"retryReasons":[],"status":"passed","title":"DELETE /api/schemes/:id should return 200 when deleting a scheme"},{"ancestorTitles":["Bug 1 — Scheme CRUD Routes: Preservation Property Tests"],"duration":15,"failureDetails":[],"failureMessages":[],"fullName":"Bug 1 — Scheme CRUD Routes: Preservation Property Tests PATCH /api/schemes/:id/toggle should return 200 when toggling scheme status","invocations":1,"location":null,"numPassingAsserts":3,"retryReasons":[],"status":"passed","title":"PATCH /api/schemes/:id/toggle should return 200 when toggling scheme status"},{"ancestorTitles":["Bug 1 — Scheme CRUD Routes: Preservation Property Tests"],"duration":15,"failureDetails":[],"failureMessages":[],"fullName":"Bug 1 — Scheme CRUD Routes: Preservation Property Tests GET /api/schemes/categories should return 200 with categories list","invocations":1,"location":null,"numPassingAsserts":4,"retryReasons":[],"status":"passed","title":"GET /api/schemes/categories should return 200 with categories list"},{"ancestorTitles":["Bug 1 — Scheme CRUD Routes: Preservation Property Tests"],"duration":92,"failureDetails":[],"failureMessages":[],"fullName":"Bug 1 — Scheme CRUD Routes: Preservation Property Tests GET /api/schemes/:id should consistently return 200 for any valid scheme ID","invocations":1,"location":null,"numPassingAsserts":15,"retryReasons":[],"status":"passed","title":"GET /api/schemes/:id should consistently return 200 for any valid scheme ID"},{"ancestorTitles":["Bug 1 — Scheme CRUD Routes: Preservation Property Tests"],"duration":15,"failureDetails":[],"failureMessages":[],"fullName":"Bug 1 — Scheme CRUD Routes: Preservation Property Tests POST /api/schemes/:id/interest returns 404 on unfixed code (bug boundary)","invocations":1,"location":null,"numPassingAsserts":1,"retryReasons":[],"status":"passed","title":"POST /api/schemes/:id/interest returns 404 on unfixed code (bug boundary)"}],"endTime":1777288167019,"message":"","name":"D:\\Internship\\Tanak-Prabha\\Server\\backend\\tests\\bug1-scheme-preservation.test.js","startTime":1777288166119,"status":"passed","summary":""},{"assertionResults":[{"ancestorTitles":["GET /api/users?format=csv"],"duration":47,"failureDetails":[],"failureMessages":[],"fullName":"GET /api/users?format=csv responds with Content-Type text/csv","invocations":1,"location":null,"numPassingAsserts":2,"retryReasons":[],"status":"passed","title":"responds with Content-Type text/csv"},{"ancestorTitles":["GET /api/users?format=csv"],"duration":25,"failureDetails":[],"failureMessages":[],"fullName":"GET /api/users?format=csv sets Content-Disposition attachment with filename beneficiaries.csv","invocations":1,"location":null,"numPassingAsserts":2,"retryReasons":[],"status":"passed","title":"sets Content-Disposition attachment with filename beneficiaries.csv"},{"ancestorTitles":["GET /api/users?format=csv"],"duration":17,"failureDetails":[],"failureMessages":[],"fullName":"GET /api/users?format=csv first line is the CSV header row with all required columns","invocations":1,"location":null,"numPassingAsserts":9,"retryReasons":[],"status":"passed","title":"first line is the CSV header row with all required columns"},{"ancestorTitles":["GET /api/users?format=csv"],"duration":15,"failureDetails":[],"failureMessages":[],"fullName":"GET /api/users?format=csv streams one data row per user record","invocations":1,"location":null,"numPassingAsserts":1,"retryReasons":[],"status":"passed","title":"streams one data row per user record"},{"ancestorTitles":["GET /api/users?format=csv"],"duration":16,"failureDetails":[],"failureMessages":[],"fullName":"GET /api/users?format=csv data rows contain correct field values","invocations":1,"location":null,"numPassingAsserts":5,"retryReasons":[],"status":"passed","title":"data rows contain correct field values"},{"ancestorTitles":["GET /api/users?format=csv"],"duration":17,"failureDetails":[],"failureMessages":[],"fullName":"GET /api/users?format=csv null values are rendered as empty string (not \"null\")","invocations":1,"location":null,"numPassingAsserts":1,"retryReasons":[],"status":"passed","title":"null values are rendered as empty string (not \"null\")"},{"ancestorTitles":["GET /api/users?format=csv"],"duration":17,"failureDetails":[],"failureMessages":[],"fullName":"GET /api/users?format=csv values containing commas are quoted","invocations":1,"location":null,"numPassingAsserts":1,"retryReasons":[],"status":"passed","title":"values containing commas are quoted"},{"ancestorTitles":["GET /api/users?format=csv"],"duration":26,"failureDetails":[],"failureMessages":[],"fullName":"GET /api/users?format=csv returns 500 JSON when DB query fails before headers are sent","invocations":1,"location":null,"numPassingAsserts":3,"retryReasons":[],"status":"passed","title":"returns 500 JSON when DB query fails before headers are sent"}],"endTime":1777288167784,"message":"","name":"D:\\Internship\\Tanak-Prabha\\Server\\backend\\tests\\csv-export.test.js","startTime":1777288167030,"status":"passed","summary":""},{"assertionResults":[{"ancestorTitles":["POST /events/:id/qr-token"],"duration":55,"failureDetails":[],"failureMessages":[],"fullName":"POST /events/:id/qr-token returns 200 with token and deepLink for a valid event","invocations":1,"location":null,"numPassingAsserts":4,"retryReasons":[],"status":"passed","title":"returns 200 with token and deepLink for a valid event"},{"ancestorTitles":["POST /events/:id/qr-token"],"duration":42,"failureDetails":[],"failureMessages":[],"fullName":"POST /events/:id/qr-token token is signed with 24h expiry","invocations":1,"location":null,"numPassingAsserts":1,"retryReasons":[],"status":"passed","title":"token is signed with 24h expiry"},{"ancestorTitles":["POST /events/:id/qr-token"],"duration":28,"failureDetails":[],"failureMessages":[],"fullName":"POST /events/:id/qr-token token is signed with QR_TOKEN_SECRET (not exposed to client)","invocations":1,"location":null,"numPassingAsserts":1,"retryReasons":[],"status":"passed","title":"token is signed with QR_TOKEN_SECRET (not exposed to client)"},{"ancestorTitles":["POST /events/:id/qr-token"],"duration":25,"failureDetails":[],"failureMessages":[],"fullName":"POST /events/:id/qr-token falls back to JWT_SECRET when QR_TOKEN_SECRET is absent","invocations":1,"location":null,"numPassingAsserts":1,"retryReasons":[],"status":"passed","title":"falls back to JWT_SECRET when QR_TOKEN_SECRET is absent"},{"ancestorTitles":["POST /events/:id/qr-token"],"duration":34,"failureDetails":[],"failureMessages":[],"fullName":"POST /events/:id/qr-token returns 404 when event does not exist","invocations":1,"location":null,"numPassingAsserts":2,"retryReasons":[],"status":"passed","title":"returns 404 when event does not exist"},{"ancestorTitles":["POST /events/:id/qr-token"],"duration":20,"failureDetails":[],"failureMessages":[],"fullName":"POST /events/:id/qr-token returns 500 when no secret is configured","invocations":1,"location":null,"numPassingAsserts":1,"retryReasons":[],"status":"passed","title":"returns 500 when no secret is configured"},{"ancestorTitles":["POST /events/:id/qr-token"],"duration":14,"failureDetails":[],"failureMessages":[],"fullName":"POST /events/:id/qr-token deepLink contains correct eventId in URL","invocations":1,"location":null,"numPassingAsserts":1,"retryReasons":[],"status":"passed","title":"deepLink contains correct eventId in URL"}],"endTime":1777288168548,"message":"","name":"D:\\Internship\\Tanak-Prabha\\Server\\backend\\tests\\qrToken.test.js","startTime":1777288167795,"status":"passed","summary":""},{"assertionResults":[{"ancestorTitles":["OTP Utility Functions","generateOTP"],"duration":6,"failureDetails":[],"failureMessages":[],"fullName":"OTP Utility Functions generateOTP should generate 6-digit OTP","invocations":1,"location":null,"numPassingAsserts":2,"retryReasons":[],"status":"passed","title":"should generate 6-digit OTP"},{"ancestorTitles":["OTP Utility Functions","generateOTP"],"duration":1,"failureDetails":[],"failureMessages":[],"fullName":"OTP Utility Functions generateOTP should generate different OTPs","invocations":1,"location":null,"numPassingAsserts":1,"retryReasons":[],"status":"passed","title":"should generate different OTPs"},{"ancestorTitles":["OTP Utility Functions","generateOTP"],"duration":2,"failureDetails":[],"failureMessages":[],"fullName":"OTP Utility Functions generateOTP should generate OTP within valid range","invocations":1,"location":null,"numPassingAsserts":2,"retryReasons":[],"status":"passed","title":"should generate OTP within valid range"},{"ancestorTitles":["OTP Utility Functions","generateOTPExpiry"],"duration":2,"failureDetails":[],"failureMessages":[],"fullName":"OTP Utility Functions generateOTPExpiry should generate expiry 10 minutes in future by default","invocations":1,"location":null,"numPassingAsserts":2,"retryReasons":[],"status":"passed","title":"should generate expiry 10 minutes in future by default"},{"ancestorTitles":["OTP Utility Functions","generateOTPExpiry"],"duration":2,"failureDetails":[],"failureMessages":[],"fullName":"OTP Utility Functions generateOTPExpiry should generate expiry with custom minutes","invocations":1,"location":null,"numPassingAsserts":2,"retryReasons":[],"status":"passed","title":"should generate expiry with custom minutes"},{"ancestorTitles":["OTP Utility Functions","isOTPExpired"],"duration":8,"failureDetails":[],"failureMessages":[],"fullName":"OTP Utility Functions isOTPExpired should return false for future time","invocations":1,"location":null,"numPassingAsserts":1,"retryReasons":[],"status":"passed","title":"should return false for future time"},{"ancestorTitles":["OTP Utility Functions","isOTPExpired"],"duration":2,"failureDetails":[],"failureMessages":[],"fullName":"OTP Utility Functions isOTPExpired should return true for past time","invocations":1,"location":null,"numPassingAsserts":1,"retryReasons":[],"status":"passed","title":"should return true for past time"},{"ancestorTitles":["OTP Utility Functions","isOTPExpired"],"duration":1,"failureDetails":[],"failureMessages":[],"fullName":"OTP Utility Functions isOTPExpired should return false for current time (not expired yet)","invocations":1,"location":null,"numPassingAsserts":1,"retryReasons":[],"status":"passed","title":"should return false for current time (not expired yet)"},{"ancestorTitles":["OTP Utility Functions","formatPhoneNumber"],"duration":1,"failureDetails":[],"failureMessages":[],"fullName":"OTP Utility Functions formatPhoneNumber should add country code to 10-digit number","invocations":1,"location":null,"numPassingAsserts":1,"retryReasons":[],"status":"passed","title":"should add country code to 10-digit number"},{"ancestorTitles":["OTP Utility Functions","formatPhoneNumber"],"duration":2,"failureDetails":[],"failureMessages":[],"fullName":"OTP Utility Functions formatPhoneNumber should keep country code if already present","invocations":1,"location":null,"numPassingAsserts":1,"retryReasons":[],"status":"passed","title":"should keep country code if already present"},{"ancestorTitles":["OTP Utility Functions","formatPhoneNumber"],"duration":2,"failureDetails":[],"failureMessages":[],"fullName":"OTP Utility Functions formatPhoneNumber should remove non-digit characters","invocations":1,"location":null,"numPassingAsserts":2,"retryReasons":[],"status":"passed","title":"should remove non-digit characters"},{"ancestorTitles":["OTP Utility Functions","formatPhoneNumber"],"duration":1,"failureDetails":[],"failureMessages":[],"fullName":"OTP Utility Functions formatPhoneNumber should handle spaces","invocations":1,"location":null,"numPassingAsserts":1,"retryReasons":[],"status":"passed","title":"should handle spaces"},{"ancestorTitles":["OTP Utility Functions","isValidIndianPhone"],"duration":1,"failureDetails":[],"failureMessages":[],"fullName":"OTP Utility Functions isValidIndianPhone should accept valid 10-digit numbers starting with 6-9","invocations":1,"location":null,"numPassingAsserts":4,"retryReasons":[],"status":"passed","title":"should accept valid 10-digit numbers starting with 6-9"},{"ancestorTitles":["OTP Utility Functions","isValidIndianPhone"],"duration":2,"failureDetails":[],"failureMessages":[],"fullName":"OTP Utility Functions isValidIndianPhone should reject numbers starting with 0-5","invocations":1,"location":null,"numPassingAsserts":3,"retryReasons":[],"status":"passed","title":"should reject numbers starting with 0-5"},{"ancestorTitles":["OTP Utility Functions","isValidIndianPhone"],"duration":2,"failureDetails":[],"failureMessages":[],"fullName":"OTP Utility Functions isValidIndianPhone should reject numbers with wrong length","invocations":1,"location":null,"numPassingAsserts":2,"retryReasons":[],"status":"passed","title":"should reject numbers with wrong length"},{"ancestorTitles":["OTP Utility Functions","isValidIndianPhone"],"duration":2,"failureDetails":[],"failureMessages":[],"fullName":"OTP Utility Functions isValidIndianPhone should accept 12-digit number with country code","invocations":1,"location":null,"numPassingAsserts":1,"retryReasons":[],"status":"passed","title":"should accept 12-digit number with country code"},{"ancestorTitles":["OTP Utility Functions","isValidIndianPhone"],"duration":1,"failureDetails":[],"failureMessages":[],"fullName":"OTP Utility Functions isValidIndianPhone should reject 12-digit number with wrong country code","invocations":1,"location":null,"numPassingAsserts":1,"retryReasons":[],"status":"passed","title":"should reject 12-digit number with wrong country code"},{"ancestorTitles":["OTP Utility Functions","isValidIndianPhone"],"duration":3,"failureDetails":[],"failureMessages":[],"fullName":"OTP Utility Functions isValidIndianPhone should handle formatted numbers","invocations":1,"location":null,"numPassingAsserts":2,"retryReasons":[],"status":"passed","title":"should handle formatted numbers"}],"endTime":1777288169085,"message":"","name":"D:\\Internship\\Tanak-Prabha\\Server\\backend\\tests\\otp.utils.test.js","startTime":1777288168558,"status":"passed","summary":""},{"assertionResults":[{"ancestorTitles":["Bug 1 — Scheme Interest Route: Bug Condition Exploration"],"duration":52,"failureDetails":[],"failureMessages":[],"fullName":"Bug 1 — Scheme Interest Route: Bug Condition Exploration POST /api/schemes/test-id/interest should return 200 with interest count","invocations":1,"location":null,"numPassingAsserts":3,"retryReasons":[],"status":"passed","title":"POST /api/schemes/test-id/interest should return 200 with interest count"}],"endTime":1777288169622,"message":"","name":"D:\\Internship\\Tanak-Prabha\\Server\\backend\\tests\\bug1-scheme-interest-exploration.test.js","startTime":1777288169101,"status":"passed","summary":""}],"wasInterrupted":false}
