{"numFailedTestSuites":0,"numFailedTests":0,"numPassedTestSuites":3,"numPassedTests":33,"numPendingTestSuites":0,"numPendingTests":0,"numRuntimeErrorTestSuites":0,"numTodoTests":0,"numTotalTestSuites":3,"numTotalTests":33,"openHandles":[],"snapshot":{"added":0,"didUpdate":false,"failure":false,"filesAdded":0,"filesRemoved":0,"filesRemovedList":[],"filesUnmatched":0,"filesUpdated":0,"matched":0,"total":0,"unchecked":0,"uncheckedKeysByFile":[],"unmatched":0,"updated":0},"startTime":1777288146423,"success":true,"testResults":[{"assertionResults":[{"ancestorTitles":["getCompletion — unit tests"],"duration":4,"failing":false,"failureDetails":[],"failureMessages":[],"fullName":"getCompletion — unit tests returns 0 when no fields are filled (0/3)","invocations":1,"location":null,"numPassingAsserts":1,"retryReasons":[],"startAt":1777288147819,"status":"passed","title":"returns 0 when no fields are filled (0/3)"},{"ancestorTitles":["getCompletion — unit tests"],"duration":1,"failing":false,"failureDetails":[],"failureMessages":[],"fullName":"getCompletion — unit tests returns 33 when 1/3 fields are filled","invocations":1,"location":null,"numPassingAsserts":1,"retryReasons":[],"startAt":1777288147827,"status":"passed","title":"returns 33 when 1/3 fields are filled"},{"ancestorTitles":["getCompletion — unit tests"],"duration":1,"failing":false,"failureDetails":[],"failureMessages":[],"fullName":"getCompletion — unit tests returns 67 when 2/3 fields are filled","invocations":1,"location":null,"numPassingAsserts":1,"retryReasons":[],"startAt":1777288147829,"status":"passed","title":"returns 67 when 2/3 fields are filled"},{"ancestorTitles":["getCompletion — unit tests"],"duration":1,"failing":false,"failureDetails":[],"failureMessages":[],"fullName":"getCompletion — unit tests returns 100 when all 3/3 fields are filled","invocations":1,"location":null,"numPassingAsserts":1,"retryReasons":[],"startAt":1777288147831,"status":"passed","title":"returns 100 when all 3/3 fields are filled"},{"ancestorTitles":["getCompletion — unit tests"],"duration":1,"failing":false,"failureDetails":[],"failureMessages":[],"fullName":"getCompletion — unit tests treats whitespace-only values as empty","invocations":1,"location":null,"numPassingAsserts":1,"retryReasons":[],"startAt":1777288147833,"status":"passed","title":"treats whitespace-only values as empty"},{"ancestorTitles":["getCompletion — unit tests"],"duration":1,"failing":false,"failureDetails":[],"failureMessages":[],"fullName":"getCompletion — unit tests returns 0 for empty fields array","invocations":1,"location":null,"numPassingAsserts":1,"retryReasons":[],"startAt":1777288147835,"status":"passed","title":"returns 0 for empty fields array"},{"ancestorTitles":["getCompletion — unit tests"],"duration":1,"failing":false,"failureDetails":[],"failureMessages":[],"fullName":"getCompletion — unit tests uses _hi suffix for Hindi language","invocations":1,"location":null,"numPassingAsserts":1,"retryReasons":[],"startAt":1777288147837,"status":"passed","title":"uses _hi suffix for Hindi language"},{"ancestorTitles":["getCompletion — Property 3: Completion percentage formula"],"duration":29,"failing":false,"failureDetails":[],"failureMessages":[],"fullName":"getCompletion — Property 3: Completion percentage formula getCompletion returns round(N/M*100) for any N filled out of M total fields","invocations":1,"location":null,"numPassingAsserts":0,"retryReasons":[],"startAt":1777288147839,"status":"passed","title":"getCompletion returns round(N/M*100) for any N filled out of M total fields"},{"ancestorTitles":["getCompletion — Property 4: Completion percentage reactivity"],"duration":21,"failing":false,"failureDetails":[],"failureMessages":[],"fullName":"getCompletion — Property 4: Completion percentage reactivity filling one more field increases or maintains completion percentage (formula verified)","invocations":1,"location":null,"numPassingAsserts":0,"retryReasons":[],"startAt":1777288147870,"status":"passed","title":"filling one more field increases or maintains completion percentage (formula verified)"}],"endTime":1777288147895,"message":"","name":"D:\\Internship\\Tanak-Prabha\\Server\\dashboard\\src\\__tests__\\localized-content-editor.test.ts","startTime":1777288146963,"status":"passed","summary":""},{"assertionResults":[{"ancestorTitles":["getIntensity"],"duration":2,"failing":false,"failureDetails":[],"failureMessages":[],"fullName":"getIntensity sums all six animal type counts when filter is \"all\"","invocations":1,"location":null,"numPassingAsserts":1,"retryReasons":[],"startAt":1777288148122,"status":"passed","title":"sums all six animal type counts when filter is \"all\""},{"ancestorTitles":["getIntensity"],"duration":1,"failing":false,"failureDetails":[],"failureMessages":[],"fullName":"getIntensity returns only the cow count when filter is \"cow\"","invocations":1,"location":null,"numPassingAsserts":1,"retryReasons":[],"startAt":1777288148125,"status":"passed","title":"returns only the cow count when filter is \"cow\""},{"ancestorTitles":["getIntensity"],"duration":1,"failing":false,"failureDetails":[],"failureMessages":[],"fullName":"getIntensity returns 0 for a farmer with zero goats when filter is \"goat\"","invocations":1,"location":null,"numPassingAsserts":1,"retryReasons":[],"startAt":1777288148127,"status":"passed","title":"returns 0 for a farmer with zero goats when filter is \"goat\""},{"ancestorTitles":["getIntensity"],"duration":1,"failing":false,"failureDetails":[],"failureMessages":[],"fullName":"getIntensity returns only the buffalo count when filter is \"buffalo\"","invocations":1,"location":null,"numPassingAsserts":1,"retryReasons":[],"startAt":1777288148129,"status":"passed","title":"returns only the buffalo count when filter is \"buffalo\""},{"ancestorTitles":["getIntensity"],"duration":1,"failing":false,"failureDetails":[],"failureMessages":[],"fullName":"getIntensity sums correctly when some animal counts are zero (filter \"all\")","invocations":1,"location":null,"numPassingAsserts":1,"retryReasons":[],"startAt":1777288148131,"status":"passed","title":"sums correctly when some animal counts are zero (filter \"all\")"},{"ancestorTitles":["getTopRegions"],"duration":5,"failing":false,"failureDetails":[],"failureMessages":[],"fullName":"getTopRegions returns top 5 districts in descending order when 6 districts are provided","invocations":1,"location":null,"numPassingAsserts":6,"retryReasons":[],"startAt":1777288148133,"status":"passed","title":"returns top 5 districts in descending order when 6 districts are provided"},{"ancestorTitles":["getTopRegions"],"duration":1,"failing":false,"failureDetails":[],"failureMessages":[],"fullName":"getTopRegions excludes a zero-livestock district when 5 non-zero districts exist","invocations":1,"location":null,"numPassingAsserts":2,"retryReasons":[],"startAt":1777288148139,"status":"passed","title":"excludes a zero-livestock district when 5 non-zero districts exist"},{"ancestorTitles":["getTopRegions"],"duration":2,"failing":false,"failureDetails":[],"failureMessages":[],"fullName":"getTopRegions returns all districts when fewer than 5 exist","invocations":1,"location":null,"numPassingAsserts":2,"retryReasons":[],"startAt":1777288148141,"status":"passed","title":"returns all districts when fewer than 5 exist"},{"ancestorTitles":["getTopRegions"],"duration":1,"failing":false,"failureDetails":[],"failureMessages":[],"fullName":"getTopRegions correctly sums multiple farmers from the same district","invocations":1,"location":null,"numPassingAsserts":5,"retryReasons":[],"startAt":1777288148144,"status":"passed","title":"correctly sums multiple farmers from the same district"},{"ancestorTitles":["getTopRegions"],"duration":1,"failing":false,"failureDetails":[],"failureMessages":[],"fullName":"getTopRegions returns an empty array when given an empty farmers list","invocations":1,"location":null,"numPassingAsserts":1,"retryReasons":[],"startAt":1777288148146,"status":"passed","title":"returns an empty array when given an empty farmers list"}],"endTime":1777288148150,"message":"","name":"D:\\Internship\\Tanak-Prabha\\Server\\dashboard\\src\\__tests__\\livestock-heatmap.test.ts","startTime":1777288147907,"status":"passed","summary":""},{"assertionResults":[{"ancestorTitles":["isHindiTitleEmpty"],"duration":1,"failing":false,"failureDetails":[],"failureMessages":[],"fullName":"isHindiTitleEmpty rejects empty string","invocations":1,"location":null,"numPassingAsserts":1,"retryReasons":[],"startAt":1777288148313,"status":"passed","title":"rejects empty string"},{"ancestorTitles":["isHindiTitleEmpty"],"duration":1,"failing":false,"failureDetails":[],"failureMessages":[],"fullName":"isHindiTitleEmpty rejects single space","invocations":1,"location":null,"numPassingAsserts":1,"retryReasons":[],"startAt":1777288148316,"status":"passed","title":"rejects single space"},{"ancestorTitles":["isHindiTitleEmpty"],"duration":0,"failing":false,"failureDetails":[],"failureMessages":[],"fullName":"isHindiTitleEmpty rejects tab and newline whitespace","invocations":1,"location":null,"numPassingAsserts":1,"retryReasons":[],"startAt":1777288148318,"status":"passed","title":"rejects tab and newline whitespace"},{"ancestorTitles":["isHindiTitleEmpty"],"duration":1,"failing":false,"failureDetails":[],"failureMessages":[],"fullName":"isHindiTitleEmpty rejects string with only spaces and tabs","invocations":1,"location":null,"numPassingAsserts":1,"retryReasons":[],"startAt":1777288148319,"status":"passed","title":"rejects string with only spaces and tabs"},{"ancestorTitles":["isHindiTitleEmpty"],"duration":0,"failing":false,"failureDetails":[],"failureMessages":[],"fullName":"isHindiTitleEmpty accepts single Hindi character","invocations":1,"location":null,"numPassingAsserts":1,"retryReasons":[],"startAt":1777288148321,"status":"passed","title":"accepts single Hindi character"},{"ancestorTitles":["isHindiTitleEmpty"],"duration":1,"failing":false,"failureDetails":[],"failureMessages":[],"fullName":"isHindiTitleEmpty accepts a full Hindi title","invocations":1,"location":null,"numPassingAsserts":1,"retryReasons":[],"startAt":1777288148322,"status":"passed","title":"accepts a full Hindi title"},{"ancestorTitles":["isHindiTitleEmpty"],"duration":0,"failing":false,"failureDetails":[],"failureMessages":[],"fullName":"isHindiTitleEmpty accepts a Hindi title with surrounding whitespace (trimmed)","invocations":1,"location":null,"numPassingAsserts":1,"retryReasons":[],"startAt":1777288148324,"status":"passed","title":"accepts a Hindi title with surrounding whitespace (trimmed)"},{"ancestorTitles":["validateBilingualEventForm"],"duration":1,"failing":false,"failureDetails":[],"failureMessages":[],"fullName":"validateBilingualEventForm fails when both title and title_hi are empty","invocations":1,"location":null,"numPassingAsserts":1,"retryReasons":[],"startAt":1777288148325,"status":"passed","title":"fails when both title and title_hi are empty"},{"ancestorTitles":["validateBilingualEventForm"],"duration":0,"failing":false,"failureDetails":[],"failureMessages":[],"fullName":"validateBilingualEventForm fails when English title is empty even if Hindi title is filled","invocations":1,"location":null,"numPassingAsserts":1,"retryReasons":[],"startAt":1777288148327,"status":"passed","title":"fails when English title is empty even if Hindi title is filled"},{"ancestorTitles":["validateBilingualEventForm"],"duration":1,"failing":false,"failureDetails":[],"failureMessages":[],"fullName":"validateBilingualEventForm fails when Hindi title is empty and English title is filled","invocations":1,"location":null,"numPassingAsserts":2,"retryReasons":[],"startAt":1777288148328,"status":"passed","title":"fails when Hindi title is empty and English title is filled"},{"ancestorTitles":["validateBilingualEventForm"],"duration":0,"failing":false,"failureDetails":[],"failureMessages":[],"fullName":"validateBilingualEventForm fails when Hindi title is whitespace-only (single space)","invocations":1,"location":null,"numPassingAsserts":1,"retryReasons":[],"startAt":1777288148330,"status":"passed","title":"fails when Hindi title is whitespace-only (single space)"},{"ancestorTitles":["validateBilingualEventForm"],"duration":0,"failing":false,"failureDetails":[],"failureMessages":[],"fullName":"validateBilingualEventForm fails when Hindi title is whitespace-only (tab + newline)","invocations":1,"location":null,"numPassingAsserts":1,"retryReasons":[],"startAt":1777288148331,"status":"passed","title":"fails when Hindi title is whitespace-only (tab + newline)"},{"ancestorTitles":["validateBilingualEventForm"],"duration":2,"failing":false,"failureDetails":[],"failureMessages":[],"fullName":"validateBilingualEventForm passes when both English and Hindi titles are non-empty","invocations":1,"location":null,"numPassingAsserts":2,"retryReasons":[],"startAt":1777288148332,"status":"passed","title":"passes when both English and Hindi titles are non-empty"},{"ancestorTitles":["validateBilingualEventForm"],"duration":2,"failing":false,"failureDetails":[],"failureMessages":[],"fullName":"validateBilingualEventForm passes with minimal single-character Hindi title","invocations":1,"location":null,"numPassingAsserts":1,"retryReasons":[],"startAt":1777288148334,"status":"passed","title":"passes with minimal single-character Hindi title"}],"endTime":1777288148339,"message":"","name":"D:\\Internship\\Tanak-Prabha\\Server\\dashboard\\src\\__tests__\\bilingual-event-form.test.ts","startTime":1777288148162,"status":"passed","summary":""}],"wasInterrupted":false}
